#
# There is insufficient memory for the Java Runtime Environment to continue.
# Native memory allocation (mmap) failed to map 130023424 bytes for G1 virtual space
# Possible reasons:
#   The system is out of physical RAM or swap space
#   The process is running with CompressedOops enabled, and the Java Heap may be blocking the growth of the native heap
# Possible solutions:
#   Reduce memory load on the system
#   Increase physical memory or swap space
#   Check if swap backing store is full
#   Decrease Java heap size (-Xmx/-Xms)
#   Decrease number of Java threads
#   Decrease Java thread stack sizes (-Xss)
#   Set larger code cache with -XX:ReservedCodeCacheSize=
#   JVM is running with Unscaled Compressed Oops mode in which the Java heap is
#     placed in the first 4GB address space. The Java Heap base address is the
#     maximum limit for the native heap growth. Please use -XX:HeapBaseMinAddress
#     to set the Java Heap base and to place the Java Heap above 4GB virtual address.
# This output file may be truncated or incomplete.
#
#  Out of Memory Error (os_windows.cpp:3769), pid=24288, tid=20880
#
# JRE version:  (17.0.6) (build )
# Java VM: OpenJDK 64-Bit Server VM (17.0.6+0-b2043.56-9586694, mixed mode, sharing, tiered, compressed oops, compressed class ptrs, g1 gc, windows-amd64)
# No core dump will be written. Minidumps are not enabled by default on client versions of Windows
#

---------------  S U M M A R Y ------------

Command Line: org.jetbrains.kotlin.cli.jvm.K2JVMCompiler @D:\works\school\ICT -L2\2e semestre\ICT 218\kotlin projects\teleco\app\build\20240505_15053344960167378101.compiler.options

Host: 11th Gen Intel(R) Core(TM) i5-1135G7 @ 2.40GHz, 8 cores, 7G,  Windows 11 , 64 bit Build 22621 (10.0.22621.3374)
Time: Sun May  5 15:42:31 2024 Afr. centrale Ouest elapsed time: 0.020636 seconds (0d 0h 0m 0s)

---------------  T H R E A D  ---------------

Current thread (0x0000020f33252b20):  JavaThread "Unknown thread" [_thread_in_vm, id=20880, stack(0x000000f639600000,0x000000f639700000)]

Stack: [0x000000f639600000,0x000000f639700000]
Native frames: (J=compiled Java code, j=interpreted, Vv=VM code, C=native code)
V  [jvm.dll+0x683b4a]
V  [jvm.dll+0x842654]
V  [jvm.dll+0x843dfe]
V  [jvm.dll+0x844463]
V  [jvm.dll+0x249b75]
V  [jvm.dll+0x680a19]
V  [jvm.dll+0x674f0a]
V  [jvm.dll+0x309acb]
V  [jvm.dll+0x310f86]
V  [jvm.dll+0x3608ee]
V  [jvm.dll+0x360b1f]
V  [jvm.dll+0x2dfbf8]
V  [jvm.dll+0x2e0b64]
V  [jvm.dll+0x813f41]
V  [jvm.dll+0x36e6a1]
V  [jvm.dll+0x7f347c]
V  [jvm.dll+0x3f0e8f]
V  [jvm.dll+0x3f29d1]
C  [jli.dll+0x526b]
C  [ucrtbase.dll+0x29333]
C  [KERNEL32.DLL+0x1257d]
C  [ntdll.dll+0x5aa48]


---------------  P R O C E S S  ---------------

Threads class SMR info:
_java_thread_list=0x00007ff906bec058, length=0, elements={
}

Java Threads: ( => current thread )

Other Threads:
  0x0000020f332abb10 GCTaskThread "GC Thread#0" [stack: 0x000000f639700000,0x000000f639800000] [id=22600]
  0x0000020f332bbf50 ConcurrentGCThread "G1 Main Marker" [stack: 0x000000f639800000,0x000000f639900000] [id=20524]
  0x0000020f332be970 ConcurrentGCThread "G1 Conc#0" [stack: 0x000000f639900000,0x000000f639a00000] [id=24644]

[error occurred during error reporting (printing all threads), id 0xc0000005, EXCEPTION_ACCESS_VIOLATION (0xc0000005) at pc=0x00007ff9063a0797]

VM state: not at safepoint (not fully initialized)

VM Mutex/Monitor currently owned by a thread:  ([mutex/lock_event])
[0x0000020f3324d2f0] Heap_lock - owner thread: 0x0000020f33252b20

Heap address: 0x0000000085800000, size: 1960 MB, Compressed Oops mode: 32-bit

CDS archive(s) mapped at: [0x0000000000000000-0x0000000000000000-0x0000000000000000), size 0, SharedBaseAddress: 0x0000000800000000, ArchiveRelocationMode: 0.
Narrow klass base: 0x0000000000000000, Narrow klass shift: 0, Narrow klass range: 0x0

GC Precious Log:
<Empty>

Heap:
 garbage-first heap   total 0K, used 0K [0x0000000085800000, 0x0000000100000000)
  region size 1024K, 0 young (0K), 0 survivors (0K)

[error occurred during error reporting (printing heap information), id 0xc0000005, EXCEPTION_ACCESS_VIOLATION (0xc0000005) at pc=0x00007ff90678d939]

GC Heap History (0 events):
No events

Dll operation events (1 events):
Event: 0.013 Loaded shared library C:\Program Files\Android\Android Studio\jbr\bin\java.dll

Deoptimization events (0 events):
No events

Classes unloaded (0 events):
No events

Classes redefined (0 events):
No events

Internal exceptions (0 events):
No events

VM Operations (0 events):
No events

Events (0 events):
No events


Dynamic libraries:
0x00007ff660300000 - 0x00007ff66030a000 	C:\Program Files\Android\Android Studio\jbr\bin\java.exe
0x00007ff9c80b0000 - 0x00007ff9c82c6000 	C:\windows\SYSTEM32\ntdll.dll
0x00007ff9c6ce0000 - 0x00007ff9c6da4000 	C:\windows\System32\KERNEL32.DLL
0x00007ff9c55e0000 - 0x00007ff9c5987000 	C:\windows\System32\KERNELBASE.dll
0x00007ff9c5990000 - 0x00007ff9c5aa1000 	C:\windows\System32\ucrtbase.dll
0x00007ff924330000 - 0x00007ff924347000 	C:\Program Files\Android\Android Studio\jbr\bin\jli.dll
0x00007ff9229e0000 - 0x00007ff9229fb000 	C:\Program Files\Android\Android Studio\jbr\bin\VCRUNTIME140.dll
0x00007ff9c7a70000 - 0x00007ff9c7c1e000 	C:\windows\System32\USER32.dll
0x00007ff9c55b0000 - 0x00007ff9c55d6000 	C:\windows\System32\win32u.dll
0x00007ff9a8630000 - 0x00007ff9a88c3000 	C:\windows\WinSxS\amd64_microsoft.windows.common-controls_6595b64144ccf1df_6.0.22621.3235_none_270f74e173860f98\COMCTL32.dll
0x00007ff9c8040000 - 0x00007ff9c8069000 	C:\windows\System32\GDI32.dll
0x00007ff9c5c50000 - 0x00007ff9c5d69000 	C:\windows\System32\gdi32full.dll
0x00007ff9c6410000 - 0x00007ff9c64b7000 	C:\windows\System32\msvcrt.dll
0x00007ff9c53d0000 - 0x00007ff9c546a000 	C:\windows\System32\msvcp_win.dll
0x00007ff9c6800000 - 0x00007ff9c6831000 	C:\windows\System32\IMM32.DLL
0x00007ff93b260000 - 0x00007ff93b26c000 	C:\Program Files\Android\Android Studio\jbr\bin\vcruntime140_1.dll
0x00007ff90f790000 - 0x00007ff90f81d000 	C:\Program Files\Android\Android Studio\jbr\bin\msvcp140.dll
0x00007ff9060b0000 - 0x00007ff906d1d000 	C:\Program Files\Android\Android Studio\jbr\bin\server\jvm.dll
0x00007ff9c6ea0000 - 0x00007ff9c6f52000 	C:\windows\System32\ADVAPI32.dll
0x00007ff9c64c0000 - 0x00007ff9c6568000 	C:\windows\System32\sechost.dll
0x00007ff9c5ab0000 - 0x00007ff9c5ad8000 	C:\windows\System32\bcrypt.dll
0x00007ff9c7950000 - 0x00007ff9c7a65000 	C:\windows\System32\RPCRT4.dll
0x00007ff9ba490000 - 0x00007ff9ba49a000 	C:\windows\SYSTEM32\VERSION.dll
0x00007ff9bca40000 - 0x00007ff9bca74000 	C:\windows\SYSTEM32\WINMM.dll
0x00007ff99b480000 - 0x00007ff99b489000 	C:\windows\SYSTEM32\WSOCK32.dll
0x00007ff9c61e0000 - 0x00007ff9c6251000 	C:\windows\System32\WS2_32.dll
0x00007ff9c43e0000 - 0x00007ff9c43f8000 	C:\windows\SYSTEM32\kernel.appcore.dll
0x00007ff99e6b0000 - 0x00007ff99e6ba000 	C:\Program Files\Android\Android Studio\jbr\bin\jimage.dll
0x00007ff9c2be0000 - 0x00007ff9c2e13000 	C:\windows\SYSTEM32\DBGHELP.DLL
0x00007ff9c7cb0000 - 0x00007ff9c8038000 	C:\windows\System32\combase.dll
0x00007ff9c77c0000 - 0x00007ff9c7897000 	C:\windows\System32\OLEAUT32.dll
0x00007ff99df40000 - 0x00007ff99df72000 	C:\windows\SYSTEM32\dbgcore.DLL
0x00007ff9c5470000 - 0x00007ff9c54e9000 	C:\windows\System32\bcryptPrimitives.dll
0x00007ff99dfb0000 - 0x00007ff99dfd5000 	C:\Program Files\Android\Android Studio\jbr\bin\java.dll

dbghelp: loaded successfully - version: 4.0.5 - missing functions: none
symbol engine: initialized successfully - sym options: 0x614 - pdb path: .;C:\Program Files\Android\Android Studio\jbr\bin;C:\windows\SYSTEM32;C:\windows\WinSxS\amd64_microsoft.windows.common-controls_6595b64144ccf1df_6.0.22621.3235_none_270f74e173860f98;C:\Program Files\Android\Android Studio\jbr\bin\server

VM Arguments:
java_command: org.jetbrains.kotlin.cli.jvm.K2JVMCompiler @D:\works\school\ICT -L2\2e semestre\ICT 218\kotlin projects\teleco\app\build\20240505_15053344960167378101.compiler.options
java_class_path (initial): C:\Users\NIJROY\.gradle\caches\modules-2\files-2.1\org.jetbrains.kotlin\kotlin-compiler-embeddable\1.8.20\78d9baa57f65babf9e0a93e51f62f26f5f35ac3e\kotlin-compiler-embeddable-1.8.20.jar;C:\Users\NIJROY\.gradle\caches\modules-2\files-2.1\org.jetbrains.kotlin\kotlin-stdlib\1.8.20\e72fc5e03ec6c064c678a6bd0d955c88d55b0c4a\kotlin-stdlib-1.8.20.jar;C:\Users\NIJROY\.gradle\caches\modules-2\files-2.1\org.jetbrains.kotlin\kotlin-script-runtime\1.8.20\c850771e723701f9d63dbcf641429c0f29290074\kotlin-script-runtime-1.8.20.jar;C:\Users\NIJROY\.gradle\caches\modules-2\files-2.1\org.jetbrains.kotlin\kotlin-reflect\1.6.10\1cbe9c92c12a94eea200d23c2bbaedaf3daf5132\kotlin-reflect-1.6.10.jar;C:\Users\NIJROY\.gradle\caches\modules-2\files-2.1\org.jetbrains.kotlin\kotlin-daemon-embeddable\1.8.20\c1b808fbe5fee60bd0504a54778120ef40f383d4\kotlin-daemon-embeddable-1.8.20.jar;C:\Users\NIJROY\.gradle\caches\modules-2\files-2.1\org.jetbrains.intellij.deps\trove4j\1.0.20200330\3afb14d5f9ceb459d724e907a21145e8ff394f02\trove4j-1.0.20200330.jar;C:\Users\NIJROY\.gradle\caches\modules-2\files-2.1\net.java.dev.jna\jna\5.6.0\330f2244e9030119ab3030fc3fededc86713d9cc\jna-5.6.0.jar;C:\Users\NIJROY\.gradle\caches\modules-2\files-2.1\org.jetbrains.kotlin\kotlin-stdlib-common\1.8.20\5eddaaf234c8c49d03eebeb6a14feb7f90faca71\kotlin-stdlib-common-1.8.20.jar;C:\Users\NIJROY\.gradle\caches\modules-2\files-2.1\org.jetbrains\annotations\13.0\919f0dfe192fb4e063e7dacadee7f8bb9a2672a9\annotations-13.0.jar
Launcher Type: SUN_STANDARD

[Global flags]
     intx CICompilerCount                          = 4                                         {product} {ergonomic}
     uint ConcGCThreads                            = 2                                         {product} {ergonomic}
     uint G1ConcRefinementThreads                  = 8                                         {product} {ergonomic}
   size_t G1HeapRegionSize                         = 1048576                                   {product} {ergonomic}
    uintx GCDrainStackTargetSize                   = 64                                        {product} {ergonomic}
   size_t InitialHeapSize                          = 130023424                                 {product} {ergonomic}
   size_t MarkStackSize                            = 4194304                                   {product} {ergonomic}
   size_t MaxHeapSize                              = 2055208960                                {product} {ergonomic}
   size_t MinHeapDeltaBytes                        = 1048576                                   {product} {ergonomic}
   size_t MinHeapSize                              = 8388608                                   {product} {ergonomic}
    uintx NonNMethodCodeHeapSize                   = 5839372                                {pd product} {ergonomic}
    uintx NonProfiledCodeHeapSize                  = 122909434                              {pd product} {ergonomic}
    uintx ProfiledCodeHeapSize                     = 122909434                              {pd product} {ergonomic}
    uintx ReservedCodeCacheSize                    = 251658240                              {pd product} {ergonomic}
     bool SegmentedCodeCache                       = true                                      {product} {ergonomic}
   size_t SoftMaxHeapSize                          = 2055208960                             {manageable} {ergonomic}
     bool UseCompressedClassPointers               = true                           {product lp64_product} {ergonomic}
     bool UseCompressedOops                        = true                           {product lp64_product} {ergonomic}
     bool UseG1GC                                  = true                                      {product} {ergonomic}
     bool UseLargePagesIndividualAllocation        = false                                  {pd product} {ergonomic}

Logging:
Log output configuration:
 #0: stdout all=warning uptime,level,tags
 #1: stderr all=off uptime,level,tags

Environment Variables:
PATH=C:\Program Files\Java\jdk-17\bin;C:\Program Files\Java\jdk-11\bin;C:\Program Files\Java\jdk-21\bin;C:\Program Files\Common Files\Oracle\Java\javapath;C:\windows\system32;C:\windows;C:\windows\System32\Wbem;C:\windows\System32\WindowsPowerShell\v1.0\;C:\windows\System32\OpenSSH\;C:\Program Files (x86)\Smart Projects\IsoBuster;C:\Program Files\Microsoft SQL Server\150\Tools\Binn\;C:\Program Files\Git\cmd;C:\Program Files\Microsoft SQL Server\Client SDK\ODBC\170\Tools\Binn\;C:\Program Files\dotnet\;C:\Program Files\Azure Data Studio\bin;C:\Program Files (x86)\Microsoft SQL Server\160\Tools\Binn\;C:\Program Files\Microsoft SQL Server\160\Tools\Binn\;C:\Program Files\Microsoft SQL Server\160\DTS\Binn\;C:\Users\NIJROY\AppData\Roaming\nvm;C:\Program Files\nodejs;D:\program files for fl studio\PostgreSQL\16\bin;C:\Users\NIJROY\AppData\Local\Microsoft\WindowsApps;C:\flutter\bin;C:\Users\NIJROY\AppData\Local\Pub\Cache\bin;C:\Users\NIJROY\AppData\Local\Programs\Microsoft VS Code\bin;C:\Users\NIJROY\.dotnet\tools;C:\Program Files\Azure Data Studio\bin;C:\Program Files\JetBrains\IntelliJ IDEA Community Edition 2023.3.2\bin;;C:\Users\NIJROY\AppData\Roaming\nvm;C:\Program Files\nodejs;C:\Users\NIJROY\AppData\Local\Android\Sdk\platform-tools;
USERNAME=NIJROY
OS=Windows_NT
PROCESSOR_IDENTIFIER=Intel64 Family 6 Model 140 Stepping 1, GenuineIntel
TMP=C:\Users\NIJROY\AppData\Local\Temp
TEMP=C:\Users\NIJROY\AppData\Local\Temp



---------------  S Y S T E M  ---------------

OS:
 Windows 11 , 64 bit Build 22621 (10.0.22621.3374)
OS uptime: 0 days 4:34 hours
Hyper-V role detected

CPU: total 8 (initial active 8) (4 cores per cpu, 2 threads per core) family 6 model 140 stepping 1 microcode 0xb4, cx8, cmov, fxsr, ht, mmx, 3dnowpref, sse, sse2, sse3, ssse3, sse4.1, sse4.2, popcnt, lzcnt, tsc, tscinvbit, avx, avx2, aes, erms, clmul, bmi1, bmi2, adx, avx512f, avx512dq, avx512cd, avx512bw, avx512vl, sha, fma, vzeroupper, avx512_vpopcntdq, avx512_vpclmulqdq, avx512_vaes, avx512_vnni, clflush, clflushopt, clwb, avx512_vbmi2, avx512_vbmi, hv

Memory: 4k page, system-wide physical 7834M (369M free)
TotalPageFile size 16520M (AvailPageFile size 49M)
current process WorkingSet (physical memory assigned to process): 11M, peak: 11M
current process commit charge ("private bytes"): 60M, peak: 184M

vm_info: OpenJDK 64-Bit Server VM (17.0.6+0-b2043.56-9586694) for windows-amd64 JRE (17.0.6+0-b2043.56-9586694), built on Feb  9 2023 20:06:20 by "androidbuild" with MS VC++ 16.10 / 16.11 (VS2019)

END.
