#
# There is insufficient memory for the Java Runtime Environment to continue.
# Native memory allocation (mmap) failed to map 15728640 bytes for G1 virtual space
# Possible reasons:
#   The system is out of physical RAM or swap space
#   The process is running with CompressedOops enabled, and the Java Heap may be blocking the growth of the native heap
# Possible solutions:
#   Reduce memory load on the system
#   Increase physical memory or swap space
#   Check if swap backing store is full
#   Decrease Java heap size (-Xmx/-Xms)
#   Decrease number of Java threads
#   Decrease Java thread stack sizes (-Xss)
#   Set larger code cache with -XX:ReservedCodeCacheSize=
#   JVM is running with Unscaled Compressed Oops mode in which the Java heap is
#     placed in the first 4GB address space. The Java Heap base address is the
#     maximum limit for the native heap growth. Please use -XX:HeapBaseMinAddress
#     to set the Java Heap base and to place the Java Heap above 4GB virtual address.
# This output file may be truncated or incomplete.
#
#  Out of Memory Error (os_windows.cpp:3769), pid=24716, tid=11716
#
# JRE version: OpenJDK Runtime Environment (17.0.6) (build 17.0.6+0-b2043.56-9586694)
# Java VM: OpenJDK 64-Bit Server VM (17.0.6+0-b2043.56-9586694, mixed mode, tiered, compressed oops, compressed class ptrs, g1 gc, windows-amd64)
# No core dump will be written. Minidumps are not enabled by default on client versions of Windows
#

---------------  S U M M A R Y ------------

Command Line: org.jetbrains.kotlin.cli.jvm.K2JVMCompiler @D:\works\school\ICT -L2\2e semestre\ICT 218\kotlin projects\teleco\app\build\20240505_7241739362575530597.compiler.options

Host: 11th Gen Intel(R) Core(TM) i5-1135G7 @ 2.40GHz, 8 cores, 7G,  Windows 11 , 64 bit Build 22621 (10.0.22621.3374)
Time: Sun May  5 15:54:27 2024 Afr. centrale Ouest elapsed time: 8.300658 seconds (0d 0h 0m 8s)

---------------  T H R E A D  ---------------

Current thread (0x000001c2bf5a5a10):  VMThread "VM Thread" [stack: 0x000000bc5bb00000,0x000000bc5bc00000] [id=11716]

Stack: [0x000000bc5bb00000,0x000000bc5bc00000]
Native frames: (J=compiled Java code, j=interpreted, Vv=VM code, C=native code)
V  [jvm.dll+0x683b4a]
V  [jvm.dll+0x842654]
V  [jvm.dll+0x843dfe]
V  [jvm.dll+0x844463]
V  [jvm.dll+0x249b75]
V  [jvm.dll+0x680a19]
V  [jvm.dll+0x674f0a]
V  [jvm.dll+0x309acb]
V  [jvm.dll+0x310f86]
V  [jvm.dll+0x3608ee]
V  [jvm.dll+0x360b1f]
V  [jvm.dll+0x2dfbf8]
V  [jvm.dll+0x2ddec4]
V  [jvm.dll+0x2dd4cc]
V  [jvm.dll+0x3317ac]
V  [jvm.dll+0x84893b]
V  [jvm.dll+0x849674]
V  [jvm.dll+0x849b8d]
V  [jvm.dll+0x849f64]
V  [jvm.dll+0x84a030]
V  [jvm.dll+0x7f25fa]
V  [jvm.dll+0x682985]
C  [ucrtbase.dll+0x29333]
C  [KERNEL32.DLL+0x1257d]
C  [ntdll.dll+0x5aa48]

VM_Operation (0x000000bc5b5fa740): CollectForMetadataAllocation, mode: safepoint, requested by thread 0x000001c2a5a4ebd0


---------------  P R O C E S S  ---------------

Threads class SMR info:
_java_thread_list=0x000001c2c63e56b0, length=14, elements={
0x000001c2a5a4ebd0, 0x000001c2c0023020, 0x000001c2c00238e0, 0x000001c2bf5aca00,
0x000001c2bf5ad3b0, 0x000001c2bf5add60, 0x000001c2bf5ae710, 0x000001c2c005f9d0,
0x000001c2c0068480, 0x000001c2c0068e70, 0x000001c2c01c3650, 0x000001c2c01d6150,
0x000001c2c39f9730, 0x000001c2c4cd1d80
}

Java Threads: ( => current thread )
  0x000001c2a5a4ebd0 JavaThread "main" [_thread_blocked, id=23636, stack(0x000000bc5b500000,0x000000bc5b600000)]
  0x000001c2c0023020 JavaThread "Reference Handler" daemon [_thread_blocked, id=23032, stack(0x000000bc5bc00000,0x000000bc5bd00000)]
  0x000001c2c00238e0 JavaThread "Finalizer" daemon [_thread_blocked, id=5644, stack(0x000000bc5bd00000,0x000000bc5be00000)]
  0x000001c2bf5aca00 JavaThread "Signal Dispatcher" daemon [_thread_blocked, id=24036, stack(0x000000bc5be00000,0x000000bc5bf00000)]
  0x000001c2bf5ad3b0 JavaThread "Attach Listener" daemon [_thread_blocked, id=17308, stack(0x000000bc5bf00000,0x000000bc5c000000)]
  0x000001c2bf5add60 JavaThread "Service Thread" daemon [_thread_blocked, id=1520, stack(0x000000bc5c000000,0x000000bc5c100000)]
  0x000001c2bf5ae710 JavaThread "Monitor Deflation Thread" daemon [_thread_blocked, id=17904, stack(0x000000bc5c100000,0x000000bc5c200000)]
  0x000001c2c005f9d0 JavaThread "C2 CompilerThread0" daemon [_thread_in_native, id=17964, stack(0x000000bc5c200000,0x000000bc5c300000)]
  0x000001c2c0068480 JavaThread "C1 CompilerThread0" daemon [_thread_blocked, id=23812, stack(0x000000bc5c300000,0x000000bc5c400000)]
  0x000001c2c0068e70 JavaThread "Sweeper thread" daemon [_thread_blocked, id=6124, stack(0x000000bc5c400000,0x000000bc5c500000)]
  0x000001c2c01c3650 JavaThread "Notification Thread" daemon [_thread_blocked, id=14016, stack(0x000000bc5c500000,0x000000bc5c600000)]
  0x000001c2c01d6150 JavaThread "Common-Cleaner" daemon [_thread_blocked, id=6804, stack(0x000000bc5c700000,0x000000bc5c800000)]
  0x000001c2c39f9730 JavaThread "C2 CompilerThread1" daemon [_thread_blocked, id=25412, stack(0x000000bc5cc00000,0x000000bc5cd00000)]
  0x000001c2c4cd1d80 JavaThread "C2 CompilerThread2" daemon [_thread_blocked, id=13568, stack(0x000000bc5d100000,0x000000bc5d200000)]

Other Threads:
=>0x000001c2bf5a5a10 VMThread "VM Thread" [stack: 0x000000bc5bb00000,0x000000bc5bc00000] [id=11716]
  0x000001c2c00f48e0 WatcherThread [stack: 0x000000bc5c600000,0x000000bc5c700000] [id=24504]
  0x000001c2a5aa7c50 GCTaskThread "GC Thread#0" [stack: 0x000000bc5b600000,0x000000bc5b700000] [id=21112]
  0x000001c2c079b7d0 GCTaskThread "GC Thread#1" [stack: 0x000000bc5c800000,0x000000bc5c900000] [id=23332]
  0x000001c2c07f2e80 GCTaskThread "GC Thread#2" [stack: 0x000000bc5c900000,0x000000bc5ca00000] [id=25244]
  0x000001c2c07f4140 GCTaskThread "GC Thread#3" [stack: 0x000000bc5ca00000,0x000000bc5cb00000] [id=12592]
  0x000001c2c07f8400 GCTaskThread "GC Thread#4" [stack: 0x000000bc5cb00000,0x000000bc5cc00000] [id=22780]
  0x000001c2c17df710 GCTaskThread "GC Thread#5" [stack: 0x000000bc5cd00000,0x000000bc5ce00000] [id=18592]
  0x000001c2c1842060 GCTaskThread "GC Thread#6" [stack: 0x000000bc5ce00000,0x000000bc5cf00000] [id=11140]
  0x000001c2c1842310 GCTaskThread "GC Thread#7" [stack: 0x000000bc5cf00000,0x000000bc5d000000] [id=22500]
  0x000001c2a5ad5970 ConcurrentGCThread "G1 Main Marker" [stack: 0x000000bc5b700000,0x000000bc5b800000] [id=23012]
  0x000001c2a5ad6b20 ConcurrentGCThread "G1 Conc#0" [stack: 0x000000bc5b800000,0x000000bc5b900000] [id=4360]
  0x000001c2c1842b20 ConcurrentGCThread "G1 Conc#1" [stack: 0x000000bc5d000000,0x000000bc5d100000] [id=23404]
  0x000001c2a5b0ec10 ConcurrentGCThread "G1 Refine#0" [stack: 0x000000bc5b900000,0x000000bc5ba00000] [id=2584]
  0x000001c2bf3f0840 ConcurrentGCThread "G1 Service" [stack: 0x000000bc5ba00000,0x000000bc5bb00000] [id=23056]

Threads with active compile tasks:
C2 CompilerThread0     8315 6999       4       jdk.internal.loader.BuiltinClassLoader::loadClass (22 bytes)

VM state: at safepoint (normal execution)

VM Mutex/Monitor currently owned by a thread:  ([mutex/lock_event])
[0x000001c2a5a4ab40] Threads_lock - owner thread: 0x000001c2bf5a5a10
[0x000001c2a5a4b7a0] Heap_lock - owner thread: 0x000001c2a5a4ebd0

Heap address: 0x0000000085800000, size: 1960 MB, Compressed Oops mode: 32-bit

CDS archive(s) not mapped
Compressed class space mapped at: 0x0000000100000000-0x0000000140000000, reserved size: 1073741824
Narrow klass base: 0x0000000000000000, Narrow klass shift: 3, Narrow klass range: 0x140000000

GC Precious Log:
 CPUs: 8 total, 8 available
 Memory: 7834M
 Large Page Support: Disabled
 NUMA Support: Disabled
 Compressed Oops: Enabled (32-bit)
 Heap Region Size: 1M
 Heap Min Capacity: 8M
 Heap Initial Capacity: 124M
 Heap Max Capacity: 1960M
 Pre-touch: Disabled
 Parallel Workers: 8
 Concurrent Workers: 2
 Concurrent Refinement Workers: 8
 Periodic GC: Disabled

Heap:
 garbage-first heap   total 126976K, used 49920K [0x0000000085800000, 0x0000000100000000)
  region size 1024K, 2 young (2048K), 2 survivors (2048K)
 Metaspace       used 60233K, committed 60480K, reserved 1105920K
  class space    used 7002K, committed 7104K, reserved 1048576K

Heap Regions: E=young(eden), S=young(survivor), O=old, HS=humongous(starts), HC=humongous(continues), CS=collection set, F=free, OA=open archive, CA=closed archive, TAMS=top-at-mark-start (previous, next)
|   0|0x0000000085800000, 0x0000000085900000, 0x0000000085900000|100%|HS|  |TAMS 0x0000000085900000, 0x0000000085900000| Complete 
|   1|0x0000000085900000, 0x0000000085a00000, 0x0000000085a00000|100%|HC|  |TAMS 0x0000000085a00000, 0x0000000085a00000| Complete 
|   2|0x0000000085a00000, 0x0000000085b00000, 0x0000000085b00000|100%|HC|  |TAMS 0x0000000085b00000, 0x0000000085b00000| Complete 
|   3|0x0000000085b00000, 0x0000000085c00000, 0x0000000085c00000|100%|HC|  |TAMS 0x0000000085c00000, 0x0000000085c00000| Complete 
|   4|0x0000000085c00000, 0x0000000085d00000, 0x0000000085d00000|100%| O|  |TAMS 0x0000000085d00000, 0x0000000085d00000| Untracked 
|   5|0x0000000085d00000, 0x0000000085e00000, 0x0000000085e00000|100%| O|  |TAMS 0x0000000085e00000, 0x0000000085e00000| Untracked 
|   6|0x0000000085e00000, 0x0000000085f00000, 0x0000000085f00000|100%| O|  |TAMS 0x0000000085ec5400, 0x0000000085f00000| Untracked 
|   7|0x0000000085f00000, 0x0000000086000000, 0x0000000086000000|100%|HS|  |TAMS 0x0000000086000000, 0x0000000086000000| Complete 
|   8|0x0000000086000000, 0x0000000086100000, 0x0000000086100000|100%|HC|  |TAMS 0x0000000086100000, 0x0000000086100000| Complete 
|   9|0x0000000086100000, 0x0000000086200000, 0x0000000086200000|100%|HC|  |TAMS 0x0000000086200000, 0x0000000086200000| Complete 
|  10|0x0000000086200000, 0x0000000086300000, 0x0000000086300000|100%|HC|  |TAMS 0x0000000086300000, 0x0000000086300000| Complete 
|  11|0x0000000086300000, 0x0000000086400000, 0x0000000086400000|100%| O|  |TAMS 0x0000000086400000, 0x0000000086400000| Untracked 
|  12|0x0000000086400000, 0x0000000086500000, 0x0000000086500000|100%| O|  |TAMS 0x0000000086500000, 0x0000000086500000| Untracked 
|  13|0x0000000086500000, 0x0000000086600000, 0x0000000086600000|100%| O|  |TAMS 0x0000000086600000, 0x0000000086600000| Untracked 
|  14|0x0000000086600000, 0x0000000086700000, 0x0000000086700000|100%| O|  |TAMS 0x0000000086700000, 0x0000000086700000| Untracked 
|  15|0x0000000086700000, 0x0000000086800000, 0x0000000086800000|100%| O|  |TAMS 0x0000000086700000, 0x0000000086800000| Untracked 
|  16|0x0000000086800000, 0x0000000086900000, 0x0000000086900000|100%| O|  |TAMS 0x0000000086800000, 0x0000000086900000| Untracked 
|  17|0x0000000086900000, 0x0000000086a00000, 0x0000000086a00000|100%| O|  |TAMS 0x0000000086a00000, 0x0000000086a00000| Untracked 
|  18|0x0000000086a00000, 0x0000000086b00000, 0x0000000086b00000|100%| O|  |TAMS 0x0000000086b00000, 0x0000000086b00000| Untracked 
|  19|0x0000000086b00000, 0x0000000086c00000, 0x0000000086c00000|100%| O|  |TAMS 0x0000000086c00000, 0x0000000086c00000| Untracked 
|  20|0x0000000086c00000, 0x0000000086d00000, 0x0000000086d00000|100%| O|  |TAMS 0x0000000086c00000, 0x0000000086d00000| Untracked 
|  21|0x0000000086d00000, 0x0000000086e00000, 0x0000000086e00000|100%| O|  |TAMS 0x0000000086d00000, 0x0000000086e00000| Untracked 
|  22|0x0000000086e00000, 0x0000000086f00000, 0x0000000086f00000|100%| O|  |TAMS 0x0000000086e00000, 0x0000000086f00000| Untracked 
|  23|0x0000000086f00000, 0x0000000087000000, 0x0000000087000000|100%| O|  |TAMS 0x0000000086f00000, 0x0000000087000000| Untracked 
|  24|0x0000000087000000, 0x0000000087100000, 0x0000000087100000|100%| O|  |TAMS 0x0000000087000000, 0x0000000087100000| Untracked 
|  25|0x0000000087100000, 0x0000000087200000, 0x0000000087200000|100%|HS|  |TAMS 0x0000000087100000, 0x0000000087200000| Complete 
|  26|0x0000000087200000, 0x0000000087300000, 0x0000000087300000|100%|HC|  |TAMS 0x0000000087200000, 0x0000000087300000| Complete 
|  27|0x0000000087300000, 0x0000000087400000, 0x0000000087400000|100%| O|  |TAMS 0x0000000087300000, 0x0000000087400000| Untracked 
|  28|0x0000000087400000, 0x0000000087500000, 0x0000000087500000|100%| O|  |TAMS 0x0000000087400000, 0x0000000087500000| Untracked 
|  29|0x0000000087500000, 0x0000000087600000, 0x0000000087600000|100%| O|  |TAMS 0x0000000087500000, 0x0000000087600000| Untracked 
|  30|0x0000000087600000, 0x0000000087700000, 0x0000000087700000|100%| O|  |TAMS 0x0000000087600000, 0x0000000087700000| Untracked 
|  31|0x0000000087700000, 0x0000000087800000, 0x0000000087800000|100%| O|  |TAMS 0x0000000087700000, 0x0000000087800000| Untracked 
|  32|0x0000000087800000, 0x0000000087900000, 0x0000000087900000|100%| O|  |TAMS 0x0000000087800000, 0x0000000087900000| Untracked 
|  33|0x0000000087900000, 0x0000000087a00000, 0x0000000087a00000|100%| O|  |TAMS 0x0000000087900000, 0x0000000087a00000| Untracked 
|  34|0x0000000087a00000, 0x0000000087b00000, 0x0000000087b00000|100%| O|  |TAMS 0x0000000087a00000, 0x0000000087b00000| Untracked 
|  35|0x0000000087b00000, 0x0000000087c00000, 0x0000000087c00000|100%| O|  |TAMS 0x0000000087b00000, 0x0000000087c00000| Untracked 
|  36|0x0000000087c00000, 0x0000000087d00000, 0x0000000087d00000|100%| O|  |TAMS 0x0000000087c00000, 0x0000000087d00000| Untracked 
|  37|0x0000000087d00000, 0x0000000087e00000, 0x0000000087e00000|100%| O|  |TAMS 0x0000000087d00000, 0x0000000087e00000| Untracked 
|  38|0x0000000087e00000, 0x0000000087f00000, 0x0000000087f00000|100%| O|  |TAMS 0x0000000087e00000, 0x0000000087f00000| Untracked 
|  39|0x0000000087f00000, 0x0000000088000000, 0x0000000088000000|100%| O|  |TAMS 0x0000000087f00000, 0x0000000088000000| Untracked 
|  40|0x0000000088000000, 0x0000000088100000, 0x0000000088100000|100%| O|  |TAMS 0x0000000088000000, 0x0000000088100000| Untracked 
|  41|0x0000000088100000, 0x0000000088200000, 0x0000000088200000|100%| O|  |TAMS 0x0000000088100000, 0x0000000088200000| Untracked 
|  42|0x0000000088200000, 0x0000000088300000, 0x0000000088300000|100%| O|  |TAMS 0x0000000088200000, 0x0000000088300000| Untracked 
|  43|0x0000000088300000, 0x0000000088400000, 0x0000000088400000|100%| O|  |TAMS 0x0000000088300000, 0x0000000088300000| Untracked 
|  44|0x0000000088400000, 0x0000000088500000, 0x0000000088500000|100%| O|  |TAMS 0x0000000088400000, 0x0000000088400000| Untracked 
|  45|0x0000000088500000, 0x0000000088600000, 0x0000000088600000|100%| O|  |TAMS 0x0000000088500000, 0x0000000088500000| Untracked 
|  46|0x0000000088600000, 0x0000000088700000, 0x0000000088700000|100%| O|  |TAMS 0x0000000088600000, 0x0000000088600000| Untracked 
|  47|0x0000000088700000, 0x0000000088700000, 0x0000000088800000|  0%| F|  |TAMS 0x0000000088700000, 0x0000000088700000| Untracked 
|  48|0x0000000088800000, 0x0000000088800000, 0x0000000088900000|  0%| F|  |TAMS 0x0000000088800000, 0x0000000088800000| Untracked 
|  49|0x0000000088900000, 0x0000000088900000, 0x0000000088a00000|  0%| F|  |TAMS 0x0000000088900000, 0x0000000088900000| Untracked 
|  50|0x0000000088a00000, 0x0000000088a00000, 0x0000000088b00000|  0%| F|  |TAMS 0x0000000088a00000, 0x0000000088a00000| Untracked 
|  51|0x0000000088b00000, 0x0000000088b00000, 0x0000000088c00000|  0%| F|  |TAMS 0x0000000088b00000, 0x0000000088b00000| Untracked 
|  52|0x0000000088c00000, 0x0000000088c00000, 0x0000000088d00000|  0%| F|  |TAMS 0x0000000088c00000, 0x0000000088c00000| Untracked 
|  53|0x0000000088d00000, 0x0000000088d00000, 0x0000000088e00000|  0%| F|  |TAMS 0x0000000088d00000, 0x0000000088d00000| Untracked 
|  54|0x0000000088e00000, 0x0000000088e00000, 0x0000000088f00000|  0%| F|  |TAMS 0x0000000088e00000, 0x0000000088e00000| Untracked 
|  55|0x0000000088f00000, 0x0000000088f00000, 0x0000000089000000|  0%| F|  |TAMS 0x0000000088f00000, 0x0000000088f00000| Untracked 
|  56|0x0000000089000000, 0x0000000089000000, 0x0000000089100000|  0%| F|  |TAMS 0x0000000089000000, 0x0000000089000000| Untracked 
|  57|0x0000000089100000, 0x0000000089100000, 0x0000000089200000|  0%| F|  |TAMS 0x0000000089100000, 0x0000000089100000| Untracked 
|  58|0x0000000089200000, 0x0000000089200000, 0x0000000089300000|  0%| F|  |TAMS 0x0000000089200000, 0x0000000089200000| Untracked 
|  59|0x0000000089300000, 0x0000000089300000, 0x0000000089400000|  0%| F|  |TAMS 0x0000000089300000, 0x0000000089300000| Untracked 
|  60|0x0000000089400000, 0x0000000089400000, 0x0000000089500000|  0%| F|  |TAMS 0x0000000089400000, 0x0000000089400000| Untracked 
|  61|0x0000000089500000, 0x0000000089500000, 0x0000000089600000|  0%| F|  |TAMS 0x0000000089500000, 0x0000000089500000| Untracked 
|  62|0x0000000089600000, 0x0000000089600000, 0x0000000089700000|  0%| F|  |TAMS 0x0000000089600000, 0x0000000089600000| Untracked 
|  63|0x0000000089700000, 0x0000000089700000, 0x0000000089800000|  0%| F|  |TAMS 0x0000000089700000, 0x0000000089700000| Untracked 
|  64|0x0000000089800000, 0x0000000089800000, 0x0000000089900000|  0%| F|  |TAMS 0x0000000089800000, 0x0000000089800000| Untracked 
|  65|0x0000000089900000, 0x0000000089900000, 0x0000000089a00000|  0%| F|  |TAMS 0x0000000089900000, 0x0000000089900000| Untracked 
|  66|0x0000000089a00000, 0x0000000089a00000, 0x0000000089b00000|  0%| F|  |TAMS 0x0000000089a00000, 0x0000000089a00000| Untracked 
|  67|0x0000000089b00000, 0x0000000089b00000, 0x0000000089c00000|  0%| F|  |TAMS 0x0000000089b00000, 0x0000000089b00000| Untracked 
|  68|0x0000000089c00000, 0x0000000089c00000, 0x0000000089d00000|  0%| F|  |TAMS 0x0000000089c00000, 0x0000000089c00000| Untracked 
|  69|0x0000000089d00000, 0x0000000089d00000, 0x0000000089e00000|  0%| F|  |TAMS 0x0000000089d00000, 0x0000000089d00000| Untracked 
|  70|0x0000000089e00000, 0x0000000089e00000, 0x0000000089f00000|  0%| F|  |TAMS 0x0000000089e00000, 0x0000000089e00000| Untracked 
|  71|0x0000000089f00000, 0x0000000089f00000, 0x000000008a000000|  0%| F|  |TAMS 0x0000000089f00000, 0x0000000089f00000| Untracked 
|  72|0x000000008a000000, 0x000000008a0c03d0, 0x000000008a100000| 75%| S|CS|TAMS 0x000000008a000000, 0x000000008a000000| Complete 
|  73|0x000000008a100000, 0x000000008a200000, 0x000000008a200000|100%| S|CS|TAMS 0x000000008a100000, 0x000000008a100000| Complete 
|  74|0x000000008a200000, 0x000000008a200000, 0x000000008a300000|  0%| F|  |TAMS 0x000000008a200000, 0x000000008a200000| Untracked 
|  75|0x000000008a300000, 0x000000008a300000, 0x000000008a400000|  0%| F|  |TAMS 0x000000008a300000, 0x000000008a300000| Untracked 
|  76|0x000000008a400000, 0x000000008a400000, 0x000000008a500000|  0%| F|  |TAMS 0x000000008a400000, 0x000000008a400000| Untracked 
|  77|0x000000008a500000, 0x000000008a500000, 0x000000008a600000|  0%| F|  |TAMS 0x000000008a500000, 0x000000008a500000| Untracked 
|  78|0x000000008a600000, 0x000000008a600000, 0x000000008a700000|  0%| F|  |TAMS 0x000000008a600000, 0x000000008a600000| Untracked 
|  79|0x000000008a700000, 0x000000008a700000, 0x000000008a800000|  0%| F|  |TAMS 0x000000008a700000, 0x000000008a700000| Untracked 
|  80|0x000000008a800000, 0x000000008a800000, 0x000000008a900000|  0%| F|  |TAMS 0x000000008a800000, 0x000000008a800000| Untracked 
|  81|0x000000008a900000, 0x000000008a900000, 0x000000008aa00000|  0%| F|  |TAMS 0x000000008a900000, 0x000000008a900000| Untracked 
|  82|0x000000008aa00000, 0x000000008aa00000, 0x000000008ab00000|  0%| F|  |TAMS 0x000000008aa00000, 0x000000008aa00000| Untracked 
|  83|0x000000008ab00000, 0x000000008ab00000, 0x000000008ac00000|  0%| F|  |TAMS 0x000000008ab00000, 0x000000008ab00000| Untracked 
|  84|0x000000008ac00000, 0x000000008ac00000, 0x000000008ad00000|  0%| F|  |TAMS 0x000000008ac00000, 0x000000008ac00000| Untracked 
|  85|0x000000008ad00000, 0x000000008ad00000, 0x000000008ae00000|  0%| F|  |TAMS 0x000000008ad00000, 0x000000008ad00000| Untracked 
|  86|0x000000008ae00000, 0x000000008ae00000, 0x000000008af00000|  0%| F|  |TAMS 0x000000008ae00000, 0x000000008ae00000| Untracked 
|  87|0x000000008af00000, 0x000000008af00000, 0x000000008b000000|  0%| F|  |TAMS 0x000000008af00000, 0x000000008af00000| Untracked 
|  88|0x000000008b000000, 0x000000008b000000, 0x000000008b100000|  0%| F|  |TAMS 0x000000008b000000, 0x000000008b000000| Untracked 
|  89|0x000000008b100000, 0x000000008b100000, 0x000000008b200000|  0%| F|  |TAMS 0x000000008b100000, 0x000000008b100000| Untracked 
|  90|0x000000008b200000, 0x000000008b200000, 0x000000008b300000|  0%| F|  |TAMS 0x000000008b200000, 0x000000008b200000| Untracked 
|  91|0x000000008b300000, 0x000000008b300000, 0x000000008b400000|  0%| F|  |TAMS 0x000000008b300000, 0x000000008b300000| Untracked 
|  92|0x000000008b400000, 0x000000008b400000, 0x000000008b500000|  0%| F|  |TAMS 0x000000008b400000, 0x000000008b400000| Untracked 
|  93|0x000000008b500000, 0x000000008b500000, 0x000000008b600000|  0%| F|  |TAMS 0x000000008b500000, 0x000000008b500000| Untracked 
|  94|0x000000008b600000, 0x000000008b600000, 0x000000008b700000|  0%| F|  |TAMS 0x000000008b600000, 0x000000008b600000| Untracked 
|  95|0x000000008b700000, 0x000000008b700000, 0x000000008b800000|  0%| F|  |TAMS 0x000000008b700000, 0x000000008b700000| Untracked 
|  96|0x000000008b800000, 0x000000008b800000, 0x000000008b900000|  0%| F|  |TAMS 0x000000008b800000, 0x000000008b800000| Untracked 
|  97|0x000000008b900000, 0x000000008b900000, 0x000000008ba00000|  0%| F|  |TAMS 0x000000008b900000, 0x000000008b900000| Untracked 
|  98|0x000000008ba00000, 0x000000008ba00000, 0x000000008bb00000|  0%| F|  |TAMS 0x000000008ba00000, 0x000000008ba00000| Untracked 
|  99|0x000000008bb00000, 0x000000008bb00000, 0x000000008bc00000|  0%| F|  |TAMS 0x000000008bb00000, 0x000000008bb00000| Untracked 
| 100|0x000000008bc00000, 0x000000008bc00000, 0x000000008bd00000|  0%| F|  |TAMS 0x000000008bc00000, 0x000000008bc00000| Untracked 
| 101|0x000000008bd00000, 0x000000008bd00000, 0x000000008be00000|  0%| F|  |TAMS 0x000000008bd00000, 0x000000008bd00000| Untracked 
| 102|0x000000008be00000, 0x000000008be00000, 0x000000008bf00000|  0%| F|  |TAMS 0x000000008be00000, 0x000000008be00000| Untracked 
| 103|0x000000008bf00000, 0x000000008bf00000, 0x000000008c000000|  0%| F|  |TAMS 0x000000008bf00000, 0x000000008bf00000| Untracked 
| 104|0x000000008c000000, 0x000000008c000000, 0x000000008c100000|  0%| F|  |TAMS 0x000000008c000000, 0x000000008c000000| Untracked 
| 105|0x000000008c100000, 0x000000008c100000, 0x000000008c200000|  0%| F|  |TAMS 0x000000008c100000, 0x000000008c100000| Untracked 
| 106|0x000000008c200000, 0x000000008c200000, 0x000000008c300000|  0%| F|  |TAMS 0x000000008c200000, 0x000000008c200000| Untracked 
| 107|0x000000008c300000, 0x000000008c300000, 0x000000008c400000|  0%| F|  |TAMS 0x000000008c300000, 0x000000008c300000| Untracked 
| 108|0x000000008c400000, 0x000000008c400000, 0x000000008c500000|  0%| F|  |TAMS 0x000000008c400000, 0x000000008c400000| Untracked 
| 109|0x000000008c500000, 0x000000008c500000, 0x000000008c600000|  0%| F|  |TAMS 0x000000008c500000, 0x000000008c500000| Untracked 
| 110|0x000000008c600000, 0x000000008c600000, 0x000000008c700000|  0%| F|  |TAMS 0x000000008c600000, 0x000000008c600000| Untracked 
| 111|0x000000008c700000, 0x000000008c700000, 0x000000008c800000|  0%| F|  |TAMS 0x000000008c700000, 0x000000008c700000| Untracked 
| 112|0x000000008c800000, 0x000000008c800000, 0x000000008c900000|  0%| F|  |TAMS 0x000000008c800000, 0x000000008c800000| Untracked 
| 113|0x000000008c900000, 0x000000008c900000, 0x000000008ca00000|  0%| F|  |TAMS 0x000000008c900000, 0x000000008c900000| Untracked 
| 114|0x000000008ca00000, 0x000000008ca00000, 0x000000008cb00000|  0%| F|  |TAMS 0x000000008ca00000, 0x000000008ca00000| Untracked 
| 115|0x000000008cb00000, 0x000000008cb00000, 0x000000008cc00000|  0%| F|  |TAMS 0x000000008cb00000, 0x000000008cb00000| Untracked 
| 116|0x000000008cc00000, 0x000000008cc00000, 0x000000008cd00000|  0%| F|  |TAMS 0x000000008cc00000, 0x000000008cc00000| Untracked 
| 117|0x000000008cd00000, 0x000000008cd00000, 0x000000008ce00000|  0%| F|  |TAMS 0x000000008cd00000, 0x000000008cd00000| Untracked 
| 118|0x000000008ce00000, 0x000000008ce00000, 0x000000008cf00000|  0%| F|  |TAMS 0x000000008ce00000, 0x000000008ce00000| Untracked 
| 119|0x000000008cf00000, 0x000000008cf00000, 0x000000008d000000|  0%| F|  |TAMS 0x000000008cf00000, 0x000000008cf00000| Untracked 
| 120|0x000000008d000000, 0x000000008d000000, 0x000000008d100000|  0%| F|  |TAMS 0x000000008d000000, 0x000000008d000000| Untracked 
| 121|0x000000008d100000, 0x000000008d100000, 0x000000008d200000|  0%| F|  |TAMS 0x000000008d100000, 0x000000008d100000| Untracked 
| 122|0x000000008d200000, 0x000000008d200000, 0x000000008d300000|  0%| F|  |TAMS 0x000000008d200000, 0x000000008d200000| Untracked 
| 123|0x000000008d300000, 0x000000008d300000, 0x000000008d400000|  0%| F|  |TAMS 0x000000008d300000, 0x000000008d300000| Untracked 

Card table byte_map: [0x000001c2b8620000,0x000001c2b8a00000] _byte_map_base: 0x000001c2b81f4000

Marking Bits (Prev, Next): (CMBitMap*) 0x000001c2a5aa9270, (CMBitMap*) 0x000001c2a5aa92b0
 Prev Bits: [0x000001c2b8de0000, 0x000001c2bac80000)
 Next Bits: [0x000001c2bac80000, 0x000001c2bcb20000)

Polling page: 0x000001c2a39c0000

Metaspace:

Usage:
  Non-class:     51.98 MB used.
      Class:      6.84 MB used.
       Both:     58.82 MB used.

Virtual space:
  Non-class space:       56.00 MB reserved,      52.12 MB ( 93%) committed,  7 nodes.
      Class space:        1.00 GB reserved,       6.94 MB ( <1%) committed,  1 nodes.
             Both:        1.05 GB reserved,      59.06 MB (  5%) committed. 

Chunk freelists:
   Non-Class:  3.56 MB
       Class:  1.00 MB
        Both:  4.56 MB

MaxMetaspaceSize: unlimited
CompressedClassSpaceSize: 1.00 GB
Initial GC threshold: 21.00 MB
Current GC threshold: 59.06 MB
CDS: off
MetaspaceReclaimPolicy: balanced
 - commit_granule_bytes: 65536.
 - commit_granule_words: 8192.
 - virtual_space_node_default_size: 1048576.
 - enlarge_chunks_in_place: 1.
 - new_chunks_are_fully_committed: 0.
 - uncommit_free_chunks: 1.
 - use_allocation_guard: 0.
 - handle_deallocations: 1.


Internal statistics:

num_allocs_failed_limit: 9.
num_arena_births: 256.
num_arena_deaths: 0.
num_vsnodes_births: 8.
num_vsnodes_deaths: 0.
num_space_committed: 943.
num_space_uncommitted: 0.
num_chunks_returned_to_freelist: 9.
num_chunks_taken_from_freelist: 2021.
num_chunk_merges: 9.
num_chunk_splits: 1655.
num_chunks_enlarged: 1475.
num_purges: 0.
num_inconsistent_stats: 0.

CodeHeap 'non-profiled nmethods': size=120000Kb used=3459Kb max_used=3459Kb free=116540Kb
 bounds [0x000001c2b09e0000, 0x000001c2b0d50000, 0x000001c2b7f10000]
CodeHeap 'profiled nmethods': size=120000Kb used=16017Kb max_used=16017Kb free=103983Kb
 bounds [0x000001c2a8f10000, 0x000001c2a9ec0000, 0x000001c2b0440000]
CodeHeap 'non-nmethods': size=5760Kb used=1322Kb max_used=1382Kb free=4437Kb
 bounds [0x000001c2b0440000, 0x000001c2b06b0000, 0x000001c2b09e0000]
 total_blobs=6969 nmethods=6341 adapters=539
 compilation: enabled
              stopped_count=0, restarted_count=0
 full_count=0

Compilation events (20 events):
Event: 8.268 Thread 0x000001c2c39f9730 7201       4       org.jetbrains.kotlin.psi.KtTreeVisitorVoid::visitElement (16 bytes)
Event: 8.268 Thread 0x000001c2c0068480 nmethod 7202 0x000001c2a9eb3b90 code [0x000001c2a9eb3d60, 0x000001c2a9eb40f8]
Event: 8.268 Thread 0x000001c2c0068480 7203       3       org.jetbrains.kotlin.psi.KtVisitorVoid::visitReferenceExpression (17 bytes)
Event: 8.269 Thread 0x000001c2c0068480 nmethod 7203 0x000001c2a9eb4210 code [0x000001c2a9eb43c0, 0x000001c2a9eb4618]
Event: 8.269 Thread 0x000001c2c0068480 7204       3       org.jetbrains.kotlin.psi.KtVisitorVoid::visitReferenceExpression (17 bytes)
Event: 8.269 Thread 0x000001c2c39f9730 nmethod 7201 0x000001c2b0d3f810 code [0x000001c2b0d3f980, 0x000001c2b0d3fa38]
Event: 8.269 Thread 0x000001c2c0068480 nmethod 7204 0x000001c2a9eb4710 code [0x000001c2a9eb4900, 0x000001c2a9eb4db8]
Event: 8.269 Thread 0x000001c2c0068480 7195       3       org.jetbrains.kotlin.psi.KtVisitor::visitSimpleNameExpression (16 bytes)
Event: 8.269 Thread 0x000001c2c0068480 nmethod 7195 0x000001c2a9eb4f90 code [0x000001c2a9eb5140, 0x000001c2a9eb5378]
Event: 8.269 Thread 0x000001c2c0068480 7196       3       org.jetbrains.kotlin.psi.KtVisitorVoid::visitSimpleNameExpression (17 bytes)
Event: 8.270 Thread 0x000001c2c0068480 nmethod 7196 0x000001c2a9eb5490 code [0x000001c2a9eb5680, 0x000001c2a9eb5b38]
Event: 8.270 Thread 0x000001c2c0068480 7200       3       org.jetbrains.kotlin.psi.KtVisitorVoid::visitArgument (17 bytes)
Event: 8.270 Thread 0x000001c2c4cd1d80 nmethod 7185 0x000001c2b0d3fb10 code [0x000001c2b0d3fce0, 0x000001c2b0d40108]
Event: 8.270 Thread 0x000001c2c0068480 nmethod 7200 0x000001c2a9eb5d10 code [0x000001c2a9eb5f00, 0x000001c2a9eb63b8]
Event: 8.271 Thread 0x000001c2c0068480 7197       3       org.jetbrains.kotlin.psi.KtVisitorVoid::visitConstantExpression (17 bytes)
Event: 8.271 Thread 0x000001c2c0068480 nmethod 7197 0x000001c2a9eb6590 code [0x000001c2a9eb6780, 0x000001c2a9eb6c38]
Event: 8.273 Thread 0x000001c2c0068480 7205       1       java.lang.invoke.MethodHandleImpl$IntrinsicMethodHandle::getTarget (5 bytes)
Event: 8.273 Thread 0x000001c2c0068480 nmethod 7205 0x000001c2b0d40690 code [0x000001c2b0d40820, 0x000001c2b0d408f8]
Event: 8.282 Thread 0x000001c2c39f9730 7206       4       java.lang.invoke.MethodType::hashCode (53 bytes)
Event: 8.284 Thread 0x000001c2c39f9730 nmethod 7206 0x000001c2b0d40990 code [0x000001c2b0d40b20, 0x000001c2b0d40cd8]

GC Heap History (20 events):
Event: 2.849 GC heap after
{Heap after GC invocations=6 (full 0):
 garbage-first heap   total 40960K, used 18352K [0x0000000085800000, 0x0000000100000000)
  region size 1024K, 2 young (2048K), 2 survivors (2048K)
 Metaspace       used 31062K, committed 31296K, reserved 1081344K
  class space    used 3774K, committed 3904K, reserved 1048576K
}
Event: 2.882 GC heap before
{Heap before GC invocations=6 (full 0):
 garbage-first heap   total 40960K, used 18352K [0x0000000085800000, 0x0000000100000000)
  region size 1024K, 3 young (3072K), 2 survivors (2048K)
 Metaspace       used 31108K, committed 31360K, reserved 1081344K
  class space    used 3774K, committed 3904K, reserved 1048576K
}
Event: 2.886 GC heap after
{Heap after GC invocations=7 (full 0):
 garbage-first heap   total 66560K, used 18583K [0x0000000085800000, 0x0000000100000000)
  region size 1024K, 1 young (1024K), 1 survivors (1024K)
 Metaspace       used 31108K, committed 31360K, reserved 1081344K
  class space    used 3774K, committed 3904K, reserved 1048576K
}
Event: 3.508 GC heap before
{Heap before GC invocations=7 (full 0):
 garbage-first heap   total 66560K, used 46231K [0x0000000085800000, 0x0000000100000000)
  region size 1024K, 27 young (27648K), 1 survivors (1024K)
 Metaspace       used 35918K, committed 36096K, reserved 1081344K
  class space    used 4524K, committed 4608K, reserved 1048576K
}
Event: 3.520 GC heap after
{Heap after GC invocations=8 (full 0):
 garbage-first heap   total 66560K, used 24960K [0x0000000085800000, 0x0000000100000000)
  region size 1024K, 4 young (4096K), 4 survivors (4096K)
 Metaspace       used 35918K, committed 36096K, reserved 1081344K
  class space    used 4524K, committed 4608K, reserved 1048576K
}
Event: 4.045 GC heap before
{Heap before GC invocations=9 (full 0):
 garbage-first heap   total 66560K, used 47488K [0x0000000085800000, 0x0000000100000000)
  region size 1024K, 27 young (27648K), 4 survivors (4096K)
 Metaspace       used 40592K, committed 40832K, reserved 1089536K
  class space    used 4997K, committed 5056K, reserved 1048576K
}
Event: 4.062 GC heap after
{Heap after GC invocations=10 (full 0):
 garbage-first heap   total 66560K, used 25801K [0x0000000085800000, 0x0000000100000000)
  region size 1024K, 3 young (3072K), 3 survivors (3072K)
 Metaspace       used 40592K, committed 40832K, reserved 1089536K
  class space    used 4997K, committed 5056K, reserved 1048576K
}
Event: 4.604 GC heap before
{Heap before GC invocations=10 (full 0):
 garbage-first heap   total 66560K, used 47305K [0x0000000085800000, 0x0000000100000000)
  region size 1024K, 25 young (25600K), 3 survivors (3072K)
 Metaspace       used 46159K, committed 46336K, reserved 1097728K
  class space    used 5630K, committed 5696K, reserved 1048576K
}
Event: 4.613 GC heap after
{Heap after GC invocations=11 (full 0):
 garbage-first heap   total 66560K, used 27180K [0x0000000085800000, 0x0000000100000000)
  region size 1024K, 2 young (2048K), 2 survivors (2048K)
 Metaspace       used 46159K, committed 46336K, reserved 1097728K
  class space    used 5630K, committed 5696K, reserved 1048576K
}
Event: 5.047 GC heap before
{Heap before GC invocations=11 (full 0):
 garbage-first heap   total 66560K, used 52780K [0x0000000085800000, 0x0000000100000000)
  region size 1024K, 25 young (25600K), 2 survivors (2048K)
 Metaspace       used 48588K, committed 48768K, reserved 1097728K
  class space    used 5880K, committed 5952K, reserved 1048576K
}
Event: 5.060 GC heap after
{Heap after GC invocations=12 (full 0):
 garbage-first heap   total 66560K, used 33306K [0x0000000085800000, 0x0000000100000000)
  region size 1024K, 4 young (4096K), 4 survivors (4096K)
 Metaspace       used 48588K, committed 48768K, reserved 1097728K
  class space    used 5880K, committed 5952K, reserved 1048576K
}
Event: 5.127 GC heap before
{Heap before GC invocations=12 (full 0):
 garbage-first heap   total 66560K, used 50714K [0x0000000085800000, 0x0000000100000000)
  region size 1024K, 21 young (21504K), 4 survivors (4096K)
 Metaspace       used 48669K, committed 48832K, reserved 1097728K
  class space    used 5880K, committed 5952K, reserved 1048576K
}
Event: 5.136 GC heap after
{Heap after GC invocations=13 (full 0):
 garbage-first heap   total 94208K, used 34977K [0x0000000085800000, 0x0000000100000000)
  region size 1024K, 2 young (2048K), 2 survivors (2048K)
 Metaspace       used 48669K, committed 48832K, reserved 1097728K
  class space    used 5880K, committed 5952K, reserved 1048576K
}
Event: 6.173 GC heap before
{Heap before GC invocations=13 (full 0):
 garbage-first heap   total 94208K, used 69793K [0x0000000085800000, 0x0000000100000000)
  region size 1024K, 36 young (36864K), 2 survivors (2048K)
 Metaspace       used 52201K, committed 52480K, reserved 1097728K
  class space    used 6199K, committed 6336K, reserved 1048576K
}
Event: 6.189 GC heap after
{Heap after GC invocations=14 (full 0):
 garbage-first heap   total 94208K, used 39884K [0x0000000085800000, 0x0000000100000000)
  region size 1024K, 5 young (5120K), 5 survivors (5120K)
 Metaspace       used 52201K, committed 52480K, reserved 1097728K
  class space    used 6199K, committed 6336K, reserved 1048576K
}
Event: 6.798 GC heap before
{Heap before GC invocations=14 (full 0):
 garbage-first heap   total 94208K, used 70604K [0x0000000085800000, 0x0000000100000000)
  region size 1024K, 35 young (35840K), 5 survivors (5120K)
 Metaspace       used 55379K, committed 55616K, reserved 1105920K
  class space    used 6545K, committed 6656K, reserved 1048576K
}
Event: 6.824 GC heap after
{Heap after GC invocations=15 (full 0):
 garbage-first heap   total 94208K, used 44032K [0x0000000085800000, 0x0000000100000000)
  region size 1024K, 4 young (4096K), 4 survivors (4096K)
 Metaspace       used 55379K, committed 55616K, reserved 1105920K
  class space    used 6545K, committed 6656K, reserved 1048576K
}
Event: 7.721 GC heap before
{Heap before GC invocations=15 (full 0):
 garbage-first heap   total 94208K, used 72704K [0x0000000085800000, 0x0000000100000000)
  region size 1024K, 32 young (32768K), 4 survivors (4096K)
 Metaspace       used 57857K, committed 58112K, reserved 1105920K
  class space    used 6769K, committed 6912K, reserved 1048576K
}
Event: 7.738 GC heap after
{Heap after GC invocations=16 (full 0):
 garbage-first heap   total 94208K, used 48128K [0x0000000085800000, 0x0000000100000000)
  region size 1024K, 4 young (4096K), 4 survivors (4096K)
 Metaspace       used 57857K, committed 58112K, reserved 1105920K
  class space    used 6769K, committed 6912K, reserved 1048576K
}
Event: 8.287 GC heap before
{Heap before GC invocations=16 (full 0):
 garbage-first heap   total 94208K, used 65536K [0x0000000085800000, 0x0000000100000000)
  region size 1024K, 22 young (22528K), 4 survivors (4096K)
 Metaspace       used 60233K, committed 60480K, reserved 1105920K
  class space    used 7002K, committed 7104K, reserved 1048576K
}

Dll operation events (2 events):
Event: 0.013 Loaded shared library C:\Program Files\Android\Android Studio\jbr\bin\java.dll
Event: 1.623 Loaded shared library C:\Program Files\Android\Android Studio\jbr\bin\verify.dll

Deoptimization events (20 events):
Event: 8.177 Thread 0x000001c2a5a4ebd0 Uncommon trap: trap_request=0xffffffc6 fr.pc=0x000001c2b0cfa394 relative=0x0000000000000074
Event: 8.177 Thread 0x000001c2a5a4ebd0 Uncommon trap: reason=bimorphic_or_optimized_type_check action=maybe_recompile pc=0x000001c2b0cfa394 method=java.util.Collections$UnmodifiableCollection.size()I @ 4 c2
Event: 8.177 Thread 0x000001c2a5a4ebd0 DEOPT PACKING pc=0x000001c2b0cfa394 sp=0x000000bc5b5fd1b0
Event: 8.177 Thread 0x000001c2a5a4ebd0 DEOPT UNPACKING pc=0x000001c2b049a1a3 sp=0x000000bc5b5fd138 mode 2
Event: 8.178 Thread 0x000001c2a5a4ebd0 Uncommon trap: trap_request=0xffffffc6 fr.pc=0x000001c2b0cfa394 relative=0x0000000000000074
Event: 8.178 Thread 0x000001c2a5a4ebd0 Uncommon trap: reason=bimorphic_or_optimized_type_check action=maybe_recompile pc=0x000001c2b0cfa394 method=java.util.Collections$UnmodifiableCollection.size()I @ 4 c2
Event: 8.178 Thread 0x000001c2a5a4ebd0 DEOPT PACKING pc=0x000001c2b0cfa394 sp=0x000000bc5b5fd620
Event: 8.178 Thread 0x000001c2a5a4ebd0 DEOPT UNPACKING pc=0x000001c2b049a1a3 sp=0x000000bc5b5fd5a8 mode 2
Event: 8.178 Thread 0x000001c2a5a4ebd0 Uncommon trap: trap_request=0xffffffc6 fr.pc=0x000001c2b0cfa394 relative=0x0000000000000074
Event: 8.178 Thread 0x000001c2a5a4ebd0 Uncommon trap: reason=bimorphic_or_optimized_type_check action=maybe_recompile pc=0x000001c2b0cfa394 method=java.util.Collections$UnmodifiableCollection.size()I @ 4 c2
Event: 8.178 Thread 0x000001c2a5a4ebd0 DEOPT PACKING pc=0x000001c2b0cfa394 sp=0x000000bc5b5fd620
Event: 8.178 Thread 0x000001c2a5a4ebd0 DEOPT UNPACKING pc=0x000001c2b049a1a3 sp=0x000000bc5b5fd5a8 mode 2
Event: 8.180 Thread 0x000001c2a5a4ebd0 Uncommon trap: trap_request=0xffffffc6 fr.pc=0x000001c2b0bcd274 relative=0x0000000000000b54
Event: 8.180 Thread 0x000001c2a5a4ebd0 Uncommon trap: reason=bimorphic_or_optimized_type_check action=maybe_recompile pc=0x000001c2b0bcd274 method=kotlin.collections.CollectionsKt___CollectionsKt.toList(Ljava/lang/Iterable;)Ljava/util/List; @ 71 c2
Event: 8.180 Thread 0x000001c2a5a4ebd0 DEOPT PACKING pc=0x000001c2b0bcd274 sp=0x000000bc5b5fbb90
Event: 8.180 Thread 0x000001c2a5a4ebd0 DEOPT UNPACKING pc=0x000001c2b049a1a3 sp=0x000000bc5b5fbb60 mode 2
Event: 8.180 Thread 0x000001c2a5a4ebd0 Uncommon trap: trap_request=0xffffffc6 fr.pc=0x000001c2b0bcd274 relative=0x0000000000000b54
Event: 8.180 Thread 0x000001c2a5a4ebd0 Uncommon trap: reason=bimorphic_or_optimized_type_check action=maybe_recompile pc=0x000001c2b0bcd274 method=kotlin.collections.CollectionsKt___CollectionsKt.toList(Ljava/lang/Iterable;)Ljava/util/List; @ 71 c2
Event: 8.180 Thread 0x000001c2a5a4ebd0 DEOPT PACKING pc=0x000001c2b0bcd274 sp=0x000000bc5b5fbb00
Event: 8.180 Thread 0x000001c2a5a4ebd0 DEOPT UNPACKING pc=0x000001c2b049a1a3 sp=0x000000bc5b5fbad0 mode 2

Classes unloaded (0 events):
No events

Classes redefined (0 events):
No events

Internal exceptions (20 events):
Event: 4.726 Thread 0x000001c2a5a4ebd0 Exception <a 'java/lang/NoSuchMethodError'{0x000000008aec8c40}: 'java.lang.Object java.lang.invoke.DirectMethodHandle$Holder.newInvokeSpecial(java.lang.Object, java.lang.Object, int)'> (0x000000008aec8c40) 
thrown [s\src\hotspot\share\interpreter\linkResolver.cpp, line 771]
Event: 5.414 Thread 0x000001c2a5a4ebd0 Exception <a 'java/lang/NoSuchMethodError'{0x000000008aaa8c38}: 'java.lang.Object java.lang.invoke.DirectMethodHandle$Holder.invokeSpecial(java.lang.Object, java.lang.Object, java.lang.Object, java.lang.Object, java.lang.Object, java.lang.Object, int)'> (0x000000008aaa8c38) 
thrown [s\src\hotspot\share\interpreter\linkResolver.cpp, line 771]
Event: 5.415 Thread 0x000001c2a5a4ebd0 Exception <a 'java/lang/NoSuchMethodError'{0x000000008aab2528}: 'java.lang.Object java.lang.invoke.DirectMethodHandle$Holder.newInvokeSpecial(java.lang.Object, java.lang.Object, java.lang.Object, java.lang.Object, java.lang.Object, java.lang.Object)'> (0x000000008aab2528) 
thrown [s\src\hotspot\share\interpreter\linkResolver.cpp, line 771]
Event: 5.510 Thread 0x000001c2a5a4ebd0 Exception <a 'java/lang/NoSuchMethodError'{0x000000008a6af4b8}: 'java.lang.Object java.lang.invoke.DirectMethodHandle$Holder.invokeStaticInit(java.lang.Object, java.lang.Object, java.lang.Object)'> (0x000000008a6af4b8) 
thrown [s\src\hotspot\share\interpreter\linkResolver.cpp, line 771]
Event: 6.199 Thread 0x000001c2a5a4ebd0 Implicit null exception at 0x000001c2b0a2b2ea to 0x000001c2b0a2b4ac
Event: 6.199 Thread 0x000001c2a5a4ebd0 Implicit null exception at 0x000001c2b0a3ea8f to 0x000001c2b0a3eb05
Event: 6.910 Thread 0x000001c2a5a4ebd0 Implicit null exception at 0x000001c2b0b4234c to 0x000001c2b0b42428
Event: 7.191 Thread 0x000001c2a5a4ebd0 Exception <a 'java/lang/NoSuchMethodError'{0x000000008a4ff3e0}: 'int java.lang.invoke.DirectMethodHandle$Holder.invokeStaticInit(java.lang.Object, int)'> (0x000000008a4ff3e0) 
thrown [s\src\hotspot\share\interpreter\linkResolver.cpp, line 771]
Event: 7.562 Thread 0x000001c2a5a4ebd0 Exception <a 'java/lang/NoSuchMethodError'{0x0000000089d92d50}: 'java.lang.Object java.lang.invoke.DirectMethodHandle$Holder.invokeInterface(java.lang.Object, java.lang.Object, java.lang.Object)'> (0x0000000089d92d50) 
thrown [s\src\hotspot\share\interpreter\linkResolver.cpp, line 771]
Event: 7.563 Thread 0x000001c2a5a4ebd0 Exception <a 'java/lang/IncompatibleClassChangeError'{0x0000000089d966c0}: Found class java.lang.Object, but interface was expected> (0x0000000089d966c0) 
thrown [s\src\hotspot\share\interpreter\linkResolver.cpp, line 838]
Event: 7.579 Thread 0x000001c2a5a4ebd0 Exception <a 'java/lang/NoSuchMethodError'{0x0000000089c04d28}: 'java.lang.Object java.lang.invoke.DirectMethodHandle$Holder.newInvokeSpecial(java.lang.Object, java.lang.Object, java.lang.Object, java.lang.Object, java.lang.Object, java.lang.Object, java.lang.Object)'> (0x0000000089c04d28) 
thrown [s\src\hotspot\share\interpreter\linkResolver.cpp, line 771]
Event: 7.579 Thread 0x000001c2a5a4ebd0 Exception <a 'java/lang/NoSuchMethodError'{0x0000000089c098e0}: 'java.lang.Object java.lang.invoke.Invokers$Holder.linkToTargetMethod(java.lang.Object, java.lang.Object, java.lang.Object, java.lang.Object, java.lang.Object, java.lang.Object, java.lang.Object)'> (0x0000000089c098e0) 
thrown [s\src\hotspot\share\interpreter\linkResolver.cpp, line 771]
Event: 7.580 Thread 0x000001c2a5a4ebd0 Exception <a 'java/lang/NoSuchMethodError'{0x0000000089c0df58}: 'void java.lang.invoke.DirectMethodHandle$Holder.invokeStatic(java.lang.Object, java.lang.Object, java.lang.Object)'> (0x0000000089c0df58) 
thrown [s\src\hotspot\share\interpreter\linkResolver.cpp, line 771]
Event: 7.809 Thread 0x000001c2a5a4ebd0 Exception <a 'java/lang/NoSuchMethodError'{0x000000008b007428}: 'java.lang.Object java.lang.invoke.DirectMethodHandle$Holder.invokeStatic(java.lang.Object, int, java.lang.Object)'> (0x000000008b007428) 
thrown [s\src\hotspot\share\interpreter\linkResolver.cpp, line 771]
Event: 7.818 Thread 0x000001c2a5a4ebd0 Exception <a 'java/lang/NoSuchMethodError'{0x000000008b043a38}: 'java.lang.Object java.lang.invoke.DirectMethodHandle$Holder.invokeStatic(java.lang.Object, int, java.lang.Object, java.lang.Object)'> (0x000000008b043a38) 
thrown [s\src\hotspot\share\interpreter\linkResolver.cpp, line 771]
Event: 7.819 Thread 0x000001c2a5a4ebd0 Exception <a 'java/lang/NoSuchMethodError'{0x000000008b04c900}: 'java.lang.Object java.lang.invoke.DirectMethodHandle$Holder.newInvokeSpecial(java.lang.Object, int, java.lang.Object)'> (0x000000008b04c900) 
thrown [s\src\hotspot\share\interpreter\linkResolver.cpp, line 771]
Event: 7.820 Thread 0x000001c2a5a4ebd0 Exception <a 'java/lang/NoSuchMethodError'{0x000000008b0535a0}: 'int java.lang.invoke.DirectMethodHandle$Holder.invokeInterface(java.lang.Object, java.lang.Object)'> (0x000000008b0535a0) 
thrown [s\src\hotspot\share\interpreter\linkResolver.cpp, line 771]
Event: 7.979 Thread 0x000001c2a5a4ebd0 Implicit null exception at 0x000001c2b09fa072 to 0x000001c2b09fa6b4
Event: 8.006 Thread 0x000001c2a5a4ebd0 Implicit null exception at 0x000001c2b09fb1f2 to 0x000001c2b09fb84c
Event: 8.165 Thread 0x000001c2a5a4ebd0 Implicit null exception at 0x000001c2b0a758ea to 0x000001c2b0a75aa8

VM Operations (20 events):
Event: 7.834 Executing VM operation: ICBufferFull done
Event: 7.888 Executing VM operation: HandshakeAllThreads
Event: 7.888 Executing VM operation: HandshakeAllThreads done
Event: 7.891 Executing VM operation: ICBufferFull
Event: 7.891 Executing VM operation: ICBufferFull done
Event: 7.980 Executing VM operation: ICBufferFull
Event: 7.981 Executing VM operation: ICBufferFull done
Event: 7.995 Executing VM operation: HandshakeAllThreads
Event: 7.995 Executing VM operation: HandshakeAllThreads done
Event: 8.085 Executing VM operation: ICBufferFull
Event: 8.086 Executing VM operation: ICBufferFull done
Event: 8.119 Executing VM operation: HandshakeAllThreads
Event: 8.120 Executing VM operation: HandshakeAllThreads done
Event: 8.183 Executing VM operation: HandshakeAllThreads
Event: 8.183 Executing VM operation: HandshakeAllThreads done
Event: 8.222 Executing VM operation: HandshakeAllThreads
Event: 8.222 Executing VM operation: HandshakeAllThreads done
Event: 8.266 Executing VM operation: ICBufferFull
Event: 8.266 Executing VM operation: ICBufferFull done
Event: 8.287 Executing VM operation: CollectForMetadataAllocation

Events (20 events):
Event: 7.114 Thread 0x000001c2c0068e70 flushing nmethod 0x000001c2a9b28790
Event: 7.114 Thread 0x000001c2c0068e70 flushing nmethod 0x000001c2a9b6e990
Event: 7.891 loading class jdk/internal/math/FloatingDecimal
Event: 7.892 loading class jdk/internal/math/FloatingDecimal done
Event: 7.892 loading class jdk/internal/math/FloatingDecimal$ExceptionalBinaryToASCIIBuffer
Event: 7.892 loading class jdk/internal/math/FloatingDecimal$BinaryToASCIIConverter
Event: 7.892 loading class jdk/internal/math/FloatingDecimal$BinaryToASCIIConverter done
Event: 7.892 loading class jdk/internal/math/FloatingDecimal$ExceptionalBinaryToASCIIBuffer done
Event: 7.892 loading class jdk/internal/math/FloatingDecimal$BinaryToASCIIBuffer
Event: 7.892 loading class jdk/internal/math/FloatingDecimal$BinaryToASCIIBuffer done
Event: 7.892 loading class jdk/internal/math/FloatingDecimal$1
Event: 7.892 loading class jdk/internal/math/FloatingDecimal$1 done
Event: 7.892 loading class jdk/internal/math/FloatingDecimal$PreparedASCIIToBinaryBuffer
Event: 7.893 loading class jdk/internal/math/FloatingDecimal$ASCIIToBinaryConverter
Event: 7.893 loading class jdk/internal/math/FloatingDecimal$ASCIIToBinaryConverter done
Event: 7.893 loading class jdk/internal/math/FloatingDecimal$PreparedASCIIToBinaryBuffer done
Event: 7.893 loading class jdk/internal/math/FloatingDecimal$ASCIIToBinaryBuffer
Event: 7.893 loading class jdk/internal/math/FloatingDecimal$ASCIIToBinaryBuffer done
Event: 8.283 loading class java/text/MessageFormat
Event: 8.284 loading class java/text/MessageFormat done


Dynamic libraries:
0x00007ff660300000 - 0x00007ff66030a000 	C:\Program Files\Android\Android Studio\jbr\bin\java.exe
0x00007ff9c80b0000 - 0x00007ff9c82c6000 	C:\windows\SYSTEM32\ntdll.dll
0x00007ff9c6ce0000 - 0x00007ff9c6da4000 	C:\windows\System32\KERNEL32.DLL
0x00007ff9c55e0000 - 0x00007ff9c5987000 	C:\windows\System32\KERNELBASE.dll
0x00007ff9c5990000 - 0x00007ff9c5aa1000 	C:\windows\System32\ucrtbase.dll
0x00007ff924330000 - 0x00007ff924347000 	C:\Program Files\Android\Android Studio\jbr\bin\jli.dll
0x00007ff9229e0000 - 0x00007ff9229fb000 	C:\Program Files\Android\Android Studio\jbr\bin\VCRUNTIME140.dll
0x00007ff9c7a70000 - 0x00007ff9c7c1e000 	C:\windows\System32\USER32.dll
0x00007ff9c55b0000 - 0x00007ff9c55d6000 	C:\windows\System32\win32u.dll
0x00007ff9a8630000 - 0x00007ff9a88c3000 	C:\windows\WinSxS\amd64_microsoft.windows.common-controls_6595b64144ccf1df_6.0.22621.3235_none_270f74e173860f98\COMCTL32.dll
0x00007ff9c8040000 - 0x00007ff9c8069000 	C:\windows\System32\GDI32.dll
0x00007ff9c6410000 - 0x00007ff9c64b7000 	C:\windows\System32\msvcrt.dll
0x00007ff9c5c50000 - 0x00007ff9c5d69000 	C:\windows\System32\gdi32full.dll
0x00007ff9c53d0000 - 0x00007ff9c546a000 	C:\windows\System32\msvcp_win.dll
0x00007ff9c6800000 - 0x00007ff9c6831000 	C:\windows\System32\IMM32.DLL
0x00007ff93b260000 - 0x00007ff93b26c000 	C:\Program Files\Android\Android Studio\jbr\bin\vcruntime140_1.dll
0x00007ff90f790000 - 0x00007ff90f81d000 	C:\Program Files\Android\Android Studio\jbr\bin\msvcp140.dll
0x00007ff9060b0000 - 0x00007ff906d1d000 	C:\Program Files\Android\Android Studio\jbr\bin\server\jvm.dll
0x00007ff9c6ea0000 - 0x00007ff9c6f52000 	C:\windows\System32\ADVAPI32.dll
0x00007ff9c64c0000 - 0x00007ff9c6568000 	C:\windows\System32\sechost.dll
0x00007ff9c5ab0000 - 0x00007ff9c5ad8000 	C:\windows\System32\bcrypt.dll
0x00007ff9c7950000 - 0x00007ff9c7a65000 	C:\windows\System32\RPCRT4.dll
0x00007ff9ba490000 - 0x00007ff9ba49a000 	C:\windows\SYSTEM32\VERSION.dll
0x00007ff9bca40000 - 0x00007ff9bca74000 	C:\windows\SYSTEM32\WINMM.dll
0x00007ff99b480000 - 0x00007ff99b489000 	C:\windows\SYSTEM32\WSOCK32.dll
0x00007ff9c61e0000 - 0x00007ff9c6251000 	C:\windows\System32\WS2_32.dll
0x00007ff9c43e0000 - 0x00007ff9c43f8000 	C:\windows\SYSTEM32\kernel.appcore.dll
0x00007ff99e6b0000 - 0x00007ff99e6ba000 	C:\Program Files\Android\Android Studio\jbr\bin\jimage.dll
0x00007ff9c2be0000 - 0x00007ff9c2e13000 	C:\windows\SYSTEM32\DBGHELP.DLL
0x00007ff9c7cb0000 - 0x00007ff9c8038000 	C:\windows\System32\combase.dll
0x00007ff9c77c0000 - 0x00007ff9c7897000 	C:\windows\System32\OLEAUT32.dll
0x00007ff99df40000 - 0x00007ff99df72000 	C:\windows\SYSTEM32\dbgcore.DLL
0x00007ff9c5470000 - 0x00007ff9c54e9000 	C:\windows\System32\bcryptPrimitives.dll
0x00007ff99dfb0000 - 0x00007ff99dfd5000 	C:\Program Files\Android\Android Studio\jbr\bin\java.dll
0x00007ff98edd0000 - 0x00007ff98ede8000 	C:\Program Files\Android\Android Studio\jbr\bin\zip.dll
0x00007ff9c6f60000 - 0x00007ff9c77bc000 	C:\windows\System32\SHELL32.dll
0x00007ff9c32e0000 - 0x00007ff9c3bd9000 	C:\windows\SYSTEM32\windows.storage.dll
0x00007ff9c31a0000 - 0x00007ff9c32de000 	C:\windows\SYSTEM32\wintypes.dll
0x00007ff9c65f0000 - 0x00007ff9c66e3000 	C:\windows\System32\SHCORE.dll
0x00007ff9c5e00000 - 0x00007ff9c5e5e000 	C:\windows\System32\shlwapi.dll
0x00007ff9c5300000 - 0x00007ff9c5321000 	C:\windows\SYSTEM32\profapi.dll
0x00007ff98ea70000 - 0x00007ff98ea89000 	C:\Program Files\Android\Android Studio\jbr\bin\net.dll
0x00007ff9bfa00000 - 0x00007ff9bfb36000 	C:\windows\SYSTEM32\WINHTTP.dll
0x00007ff9c48d0000 - 0x00007ff9c4939000 	C:\windows\system32\mswsock.dll
0x00007ff98e9a0000 - 0x00007ff98e9b6000 	C:\Program Files\Android\Android Studio\jbr\bin\nio.dll
0x00007ff99df80000 - 0x00007ff99df90000 	C:\Program Files\Android\Android Studio\jbr\bin\verify.dll

dbghelp: loaded successfully - version: 4.0.5 - missing functions: none
symbol engine: initialized successfully - sym options: 0x614 - pdb path: .;C:\Program Files\Android\Android Studio\jbr\bin;C:\windows\SYSTEM32;C:\windows\WinSxS\amd64_microsoft.windows.common-controls_6595b64144ccf1df_6.0.22621.3235_none_270f74e173860f98;C:\Program Files\Android\Android Studio\jbr\bin\server

VM Arguments:
java_command: org.jetbrains.kotlin.cli.jvm.K2JVMCompiler @D:\works\school\ICT -L2\2e semestre\ICT 218\kotlin projects\teleco\app\build\20240505_7241739362575530597.compiler.options
java_class_path (initial): C:\Users\NIJROY\.gradle\caches\modules-2\files-2.1\org.jetbrains.kotlin\kotlin-compiler-embeddable\1.8.20\78d9baa57f65babf9e0a93e51f62f26f5f35ac3e\kotlin-compiler-embeddable-1.8.20.jar;C:\Users\NIJROY\.gradle\caches\modules-2\files-2.1\org.jetbrains.kotlin\kotlin-stdlib\1.8.20\e72fc5e03ec6c064c678a6bd0d955c88d55b0c4a\kotlin-stdlib-1.8.20.jar;C:\Users\NIJROY\.gradle\caches\modules-2\files-2.1\org.jetbrains.kotlin\kotlin-script-runtime\1.8.20\c850771e723701f9d63dbcf641429c0f29290074\kotlin-script-runtime-1.8.20.jar;C:\Users\NIJROY\.gradle\caches\modules-2\files-2.1\org.jetbrains.kotlin\kotlin-reflect\1.6.10\1cbe9c92c12a94eea200d23c2bbaedaf3daf5132\kotlin-reflect-1.6.10.jar;C:\Users\NIJROY\.gradle\caches\modules-2\files-2.1\org.jetbrains.kotlin\kotlin-daemon-embeddable\1.8.20\c1b808fbe5fee60bd0504a54778120ef40f383d4\kotlin-daemon-embeddable-1.8.20.jar;C:\Users\NIJROY\.gradle\caches\modules-2\files-2.1\org.jetbrains.intellij.deps\trove4j\1.0.20200330\3afb14d5f9ceb459d724e907a21145e8ff394f02\trove4j-1.0.20200330.jar;C:\Users\NIJROY\.gradle\caches\modules-2\files-2.1\net.java.dev.jna\jna\5.6.0\330f2244e9030119ab3030fc3fededc86713d9cc\jna-5.6.0.jar;C:\Users\NIJROY\.gradle\caches\modules-2\files-2.1\org.jetbrains.kotlin\kotlin-stdlib-common\1.8.20\5eddaaf234c8c49d03eebeb6a14feb7f90faca71\kotlin-stdlib-common-1.8.20.jar;C:\Users\NIJROY\.gradle\caches\modules-2\files-2.1\org.jetbrains\annotations\13.0\919f0dfe192fb4e063e7dacadee7f8bb9a2672a9\annotations-13.0.jar
Launcher Type: SUN_STANDARD

[Global flags]
     intx CICompilerCount                          = 4                                         {product} {ergonomic}
     uint ConcGCThreads                            = 2                                         {product} {ergonomic}
     uint G1ConcRefinementThreads                  = 8                                         {product} {ergonomic}
   size_t G1HeapRegionSize                         = 1048576                                   {product} {ergonomic}
    uintx GCDrainStackTargetSize                   = 64                                        {product} {ergonomic}
   size_t InitialHeapSize                          = 130023424                                 {product} {ergonomic}
   size_t MarkStackSize                            = 4194304                                   {product} {ergonomic}
   size_t MaxHeapSize                              = 2055208960                                {product} {ergonomic}
   size_t MaxNewSize                               = 1233125376                                {product} {ergonomic}
   size_t MinHeapDeltaBytes                        = 1048576                                   {product} {ergonomic}
   size_t MinHeapSize                              = 8388608                                   {product} {ergonomic}
    uintx NonNMethodCodeHeapSize                   = 5839372                                {pd product} {ergonomic}
    uintx NonProfiledCodeHeapSize                  = 122909434                              {pd product} {ergonomic}
    uintx ProfiledCodeHeapSize                     = 122909434                              {pd product} {ergonomic}
    uintx ReservedCodeCacheSize                    = 251658240                              {pd product} {ergonomic}
     bool SegmentedCodeCache                       = true                                      {product} {ergonomic}
   size_t SoftMaxHeapSize                          = 2055208960                             {manageable} {ergonomic}
     bool UseCompressedClassPointers               = true                           {product lp64_product} {ergonomic}
     bool UseCompressedOops                        = true                           {product lp64_product} {ergonomic}
     bool UseG1GC                                  = true                                      {product} {ergonomic}
     bool UseLargePagesIndividualAllocation        = false                                  {pd product} {ergonomic}

Logging:
Log output configuration:
 #0: stdout all=warning uptime,level,tags
 #1: stderr all=off uptime,level,tags

Environment Variables:
PATH=C:\Program Files\Java\jdk-17\bin;C:\Program Files\Java\jdk-11\bin;C:\Program Files\Java\jdk-21\bin;C:\Program Files\Common Files\Oracle\Java\javapath;C:\windows\system32;C:\windows;C:\windows\System32\Wbem;C:\windows\System32\WindowsPowerShell\v1.0\;C:\windows\System32\OpenSSH\;C:\Program Files (x86)\Smart Projects\IsoBuster;C:\Program Files\Microsoft SQL Server\150\Tools\Binn\;C:\Program Files\Git\cmd;C:\Program Files\Microsoft SQL Server\Client SDK\ODBC\170\Tools\Binn\;C:\Program Files\dotnet\;C:\Program Files\Azure Data Studio\bin;C:\Program Files (x86)\Microsoft SQL Server\160\Tools\Binn\;C:\Program Files\Microsoft SQL Server\160\Tools\Binn\;C:\Program Files\Microsoft SQL Server\160\DTS\Binn\;C:\Users\NIJROY\AppData\Roaming\nvm;C:\Program Files\nodejs;D:\program files for fl studio\PostgreSQL\16\bin;C:\Users\NIJROY\AppData\Local\Microsoft\WindowsApps;C:\flutter\bin;C:\Users\NIJROY\AppData\Local\Pub\Cache\bin;C:\Users\NIJROY\AppData\Local\Programs\Microsoft VS Code\bin;C:\Users\NIJROY\.dotnet\tools;C:\Program Files\Azure Data Studio\bin;C:\Program Files\JetBrains\IntelliJ IDEA Community Edition 2023.3.2\bin;;C:\Users\NIJROY\AppData\Roaming\nvm;C:\Program Files\nodejs;C:\Users\NIJROY\AppData\Local\Android\Sdk\platform-tools;
USERNAME=NIJROY
OS=Windows_NT
PROCESSOR_IDENTIFIER=Intel64 Family 6 Model 140 Stepping 1, GenuineIntel
TMP=C:\Users\NIJROY\AppData\Local\Temp
TEMP=C:\Users\NIJROY\AppData\Local\Temp



---------------  S Y S T E M  ---------------

OS:
 Windows 11 , 64 bit Build 22621 (10.0.22621.3374)
OS uptime: 0 days 4:46 hours
Hyper-V role detected

CPU: total 8 (initial active 8) (4 cores per cpu, 2 threads per core) family 6 model 140 stepping 1 microcode 0xb4, cx8, cmov, fxsr, ht, mmx, 3dnowpref, sse, sse2, sse3, ssse3, sse4.1, sse4.2, popcnt, lzcnt, tsc, tscinvbit, avx, avx2, aes, erms, clmul, bmi1, bmi2, adx, avx512f, avx512dq, avx512cd, avx512bw, avx512vl, sha, fma, vzeroupper, avx512_vpopcntdq, avx512_vpclmulqdq, avx512_vaes, avx512_vnni, clflush, clflushopt, clwb, avx512_vbmi2, avx512_vbmi, hv

Memory: 4k page, system-wide physical 7834M (1170M free)
TotalPageFile size 16520M (AvailPageFile size 11M)
current process WorkingSet (physical memory assigned to process): 272M, peak: 272M
current process commit charge ("private bytes"): 341M, peak: 353M

vm_info: OpenJDK 64-Bit Server VM (17.0.6+0-b2043.56-9586694) for windows-amd64 JRE (17.0.6+0-b2043.56-9586694), built on Feb  9 2023 20:06:20 by "androidbuild" with MS VC++ 16.10 / 16.11 (VS2019)

END.
