#
# There is insufficient memory for the Java Runtime Environment to continue.
# Native memory allocation (malloc) failed to allocate 878960 bytes for Chunk::new
# Possible reasons:
#   The system is out of physical RAM or swap space
#   The process is running with CompressedOops enabled, and the Java Heap may be blocking the growth of the native heap
# Possible solutions:
#   Reduce memory load on the system
#   Increase physical memory or swap space
#   Check if swap backing store is full
#   Decrease Java heap size (-Xmx/-Xms)
#   Decrease number of Java threads
#   Decrease Java thread stack sizes (-Xss)
#   Set larger code cache with -XX:ReservedCodeCacheSize=
#   JVM is running with Unscaled Compressed Oops mode in which the Java heap is
#     placed in the first 4GB address space. The Java Heap base address is the
#     maximum limit for the native heap growth. Please use -XX:HeapBaseMinAddress
#     to set the Java Heap base and to place the Java Heap above 4GB virtual address.
# This output file may be truncated or incomplete.
#
#  Out of Memory Error (arena.cpp:189), pid=4144, tid=21732
#
# JRE version: OpenJDK Runtime Environment (17.0.6) (build 17.0.6+0-b2043.56-9586694)
# Java VM: OpenJDK 64-Bit Server VM (17.0.6+0-b2043.56-9586694, mixed mode, tiered, compressed oops, compressed class ptrs, g1 gc, windows-amd64)
# No core dump will be written. Minidumps are not enabled by default on client versions of Windows
#

---------------  S U M M A R Y ------------

Command Line: org.jetbrains.kotlin.cli.jvm.K2JVMCompiler @D:\works\school\ICT -L2\2e semestre\ICT 218\kotlin projects\teleco\app\build\20240505_11384508566690816384.compiler.options

Host: 11th Gen Intel(R) Core(TM) i5-1135G7 @ 2.40GHz, 8 cores, 7G,  Windows 11 , 64 bit Build 22621 (10.0.22621.3374)
Time: Sun May  5 15:54:46 2024 Afr. centrale Ouest elapsed time: 2.918243 seconds (0d 0h 0m 2s)

---------------  T H R E A D  ---------------

Current thread (0x00000191f4472000):  JavaThread "C2 CompilerThread0" daemon [_thread_in_native, id=21732, stack(0x000000231d800000,0x000000231d900000)]


Current CompileTask:
C2:   2918 2958   !   4       jdk.internal.loader.BuiltinClassLoader::findClassOnClassPathOrNull (64 bytes)

Stack: [0x000000231d800000,0x000000231d900000]
Native frames: (J=compiled Java code, j=interpreted, Vv=VM code, C=native code)
V  [jvm.dll+0x683b4a]
V  [jvm.dll+0x842654]
V  [jvm.dll+0x843dfe]
V  [jvm.dll+0x844463]
V  [jvm.dll+0x249b75]
V  [jvm.dll+0xabcac]
V  [jvm.dll+0xac27c]
V  [jvm.dll+0x368857]
V  [jvm.dll+0x1bcd52]
V  [jvm.dll+0x21c359]
V  [jvm.dll+0x21b621]
V  [jvm.dll+0x1a4fdd]
V  [jvm.dll+0x22b098]
V  [jvm.dll+0x229159]
V  [jvm.dll+0x7f809c]
V  [jvm.dll+0x7f25fa]
V  [jvm.dll+0x682985]
C  [ucrtbase.dll+0x29333]
C  [KERNEL32.DLL+0x1257d]
C  [ntdll.dll+0x5aa48]


---------------  P R O C E S S  ---------------

Threads class SMR info:
_java_thread_list=0x00000191f81a2be0, length=14, elements={
0x00000191d9eae630, 0x00000191f4424640, 0x00000191f4424f00, 0x00000191f442bec0,
0x00000191f442c780, 0x00000191f442d650, 0x00000191f4471000, 0x00000191f4472000,
0x00000191f4474700, 0x00000191f4475000, 0x00000191f4622e30, 0x00000191f4635370,
0x00000191f4bef410, 0x00000191f84cc1d0
}

Java Threads: ( => current thread )
  0x00000191d9eae630 JavaThread "main" [_thread_in_vm, id=19072, stack(0x000000231cb00000,0x000000231cc00000)]
  0x00000191f4424640 JavaThread "Reference Handler" daemon [_thread_blocked, id=18888, stack(0x000000231d200000,0x000000231d300000)]
  0x00000191f4424f00 JavaThread "Finalizer" daemon [_thread_blocked, id=12368, stack(0x000000231d300000,0x000000231d400000)]
  0x00000191f442bec0 JavaThread "Signal Dispatcher" daemon [_thread_blocked, id=24924, stack(0x000000231d400000,0x000000231d500000)]
  0x00000191f442c780 JavaThread "Attach Listener" daemon [_thread_blocked, id=22108, stack(0x000000231d500000,0x000000231d600000)]
  0x00000191f442d650 JavaThread "Service Thread" daemon [_thread_blocked, id=19904, stack(0x000000231d600000,0x000000231d700000)]
  0x00000191f4471000 JavaThread "Monitor Deflation Thread" daemon [_thread_blocked, id=7628, stack(0x000000231d700000,0x000000231d800000)]
=>0x00000191f4472000 JavaThread "C2 CompilerThread0" daemon [_thread_in_native, id=21732, stack(0x000000231d800000,0x000000231d900000)]
  0x00000191f4474700 JavaThread "C1 CompilerThread0" daemon [_thread_blocked, id=20008, stack(0x000000231d900000,0x000000231da00000)]
  0x00000191f4475000 JavaThread "Sweeper thread" daemon [_thread_blocked, id=8492, stack(0x000000231da00000,0x000000231db00000)]
  0x00000191f4622e30 JavaThread "Notification Thread" daemon [_thread_blocked, id=18912, stack(0x000000231db00000,0x000000231dc00000)]
  0x00000191f4635370 JavaThread "Common-Cleaner" daemon [_thread_blocked, id=12388, stack(0x000000231dd00000,0x000000231de00000)]
  0x00000191f4bef410 JavaThread "C2 CompilerThread1" daemon [_thread_in_native, id=23696, stack(0x000000231e200000,0x000000231e300000)]
  0x00000191f84cc1d0 JavaThread "C2 CompilerThread2" daemon [_thread_in_native, id=24808, stack(0x000000231e300000,0x000000231e400000)]

Other Threads:
  0x00000191f38edbe0 VMThread "VM Thread" [stack: 0x000000231d100000,0x000000231d200000] [id=23092]
  0x00000191f45a0e10 WatcherThread [stack: 0x000000231dc00000,0x000000231dd00000] [id=25564]
  0x00000191d9f095d0 GCTaskThread "GC Thread#0" [stack: 0x000000231cc00000,0x000000231cd00000] [id=5088]
  0x00000191f4ab7210 GCTaskThread "GC Thread#1" [stack: 0x000000231de00000,0x000000231df00000] [id=22916]
  0x00000191f4c17c70 GCTaskThread "GC Thread#2" [stack: 0x000000231df00000,0x000000231e000000] [id=22104]
  0x00000191f4bd4f10 GCTaskThread "GC Thread#3" [stack: 0x000000231e000000,0x000000231e100000] [id=19800]
  0x00000191f4bd51c0 GCTaskThread "GC Thread#4" [stack: 0x000000231e100000,0x000000231e200000] [id=24512]
  0x00000191f4d5cc60 GCTaskThread "GC Thread#5" [stack: 0x000000231e400000,0x000000231e500000] [id=19120]
  0x00000191f5b76850 GCTaskThread "GC Thread#6" [stack: 0x000000231e500000,0x000000231e600000] [id=24424]
  0x00000191f5b765a0 GCTaskThread "GC Thread#7" [stack: 0x000000231e600000,0x000000231e700000] [id=24192]
  0x00000191d9f19920 ConcurrentGCThread "G1 Main Marker" [stack: 0x000000231cd00000,0x000000231ce00000] [id=23664]
  0x00000191d9f1a240 ConcurrentGCThread "G1 Conc#0" [stack: 0x000000231ce00000,0x000000231cf00000] [id=22240]
  0x00000191f5b775c0 ConcurrentGCThread "G1 Conc#1" [stack: 0x000000231e700000,0x000000231e800000] [id=5112]
  0x00000191d9f69eb0 ConcurrentGCThread "G1 Refine#0" [stack: 0x000000231cf00000,0x000000231d000000] [id=23580]
  0x00000191d9f6a7e0 ConcurrentGCThread "G1 Service" [stack: 0x000000231d000000,0x000000231d100000] [id=13136]

Threads with active compile tasks:
C2 CompilerThread0     2932 2958   !   4       jdk.internal.loader.BuiltinClassLoader::findClassOnClassPathOrNull (64 bytes)
C2 CompilerThread1     2932 2886       4       jdk.internal.loader.ClassLoaders$AppClassLoader::loadClass (40 bytes)
C2 CompilerThread2     2932 2848       4       java.lang.ClassLoader::loadClass (7 bytes)

VM state: not at safepoint (normal execution)

VM Mutex/Monitor currently owned by a thread: None

Heap address: 0x0000000085800000, size: 1960 MB, Compressed Oops mode: 32-bit

CDS archive(s) not mapped
Compressed class space mapped at: 0x0000000100000000-0x0000000140000000, reserved size: 1073741824
Narrow klass base: 0x0000000000000000, Narrow klass shift: 3, Narrow klass range: 0x140000000

GC Precious Log:
 CPUs: 8 total, 8 available
 Memory: 7834M
 Large Page Support: Disabled
 NUMA Support: Disabled
 Compressed Oops: Enabled (32-bit)
 Heap Region Size: 1M
 Heap Min Capacity: 8M
 Heap Initial Capacity: 124M
 Heap Max Capacity: 1960M
 Pre-touch: Disabled
 Parallel Workers: 8
 Concurrent Workers: 2
 Concurrent Refinement Workers: 8
 Periodic GC: Disabled

Heap:
 garbage-first heap   total 70656K, used 39533K [0x0000000085800000, 0x0000000100000000)
  region size 1024K, 17 young (17408K), 3 survivors (3072K)
 Metaspace       used 47666K, committed 47872K, reserved 1097728K
  class space    used 5809K, committed 5888K, reserved 1048576K

Heap Regions: E=young(eden), S=young(survivor), O=old, HS=humongous(starts), HC=humongous(continues), CS=collection set, F=free, OA=open archive, CA=closed archive, TAMS=top-at-mark-start (previous, next)
|   0|0x0000000085800000, 0x0000000085900000, 0x0000000085900000|100%|HS|  |TAMS 0x0000000085900000, 0x0000000085800000| Complete 
|   1|0x0000000085900000, 0x0000000085a00000, 0x0000000085a00000|100%|HC|  |TAMS 0x0000000085a00000, 0x0000000085900000| Complete 
|   2|0x0000000085a00000, 0x0000000085b00000, 0x0000000085b00000|100%|HC|  |TAMS 0x0000000085b00000, 0x0000000085a00000| Complete 
|   3|0x0000000085b00000, 0x0000000085c00000, 0x0000000085c00000|100%|HC|  |TAMS 0x0000000085c00000, 0x0000000085b00000| Complete 
|   4|0x0000000085c00000, 0x0000000085d00000, 0x0000000085d00000|100%| O|  |TAMS 0x0000000085d00000, 0x0000000085c00000| Untracked 
|   5|0x0000000085d00000, 0x0000000085e00000, 0x0000000085e00000|100%| O|  |TAMS 0x0000000085e00000, 0x0000000085d00000| Untracked 
|   6|0x0000000085e00000, 0x0000000085f00000, 0x0000000085f00000|100%| O|  |TAMS 0x0000000085e7be00, 0x0000000085e00000| Untracked 
|   7|0x0000000085f00000, 0x0000000086000000, 0x0000000086000000|100%|HS|  |TAMS 0x0000000086000000, 0x0000000085f00000| Complete 
|   8|0x0000000086000000, 0x0000000086100000, 0x0000000086100000|100%|HC|  |TAMS 0x0000000086100000, 0x0000000086000000| Complete 
|   9|0x0000000086100000, 0x0000000086200000, 0x0000000086200000|100%|HC|  |TAMS 0x0000000086200000, 0x0000000086100000| Complete 
|  10|0x0000000086200000, 0x0000000086300000, 0x0000000086300000|100%|HC|  |TAMS 0x0000000086300000, 0x0000000086200000| Complete 
|  11|0x0000000086300000, 0x0000000086400000, 0x0000000086400000|100%| O|  |TAMS 0x0000000086400000, 0x0000000086300000| Untracked 
|  12|0x0000000086400000, 0x0000000086500000, 0x0000000086500000|100%| O|  |TAMS 0x0000000086500000, 0x0000000086400000| Untracked 
|  13|0x0000000086500000, 0x0000000086600000, 0x0000000086600000|100%| O|  |TAMS 0x0000000086600000, 0x0000000086500000| Untracked 
|  14|0x0000000086600000, 0x0000000086700000, 0x0000000086700000|100%| O|  |TAMS 0x0000000086700000, 0x0000000086600000| Untracked 
|  15|0x0000000086700000, 0x0000000086800000, 0x0000000086800000|100%| O|  |TAMS 0x0000000086700000, 0x0000000086700000| Untracked 
|  16|0x0000000086800000, 0x0000000086900000, 0x0000000086900000|100%| O|  |TAMS 0x0000000086800000, 0x0000000086800000| Untracked 
|  17|0x0000000086900000, 0x0000000086a00000, 0x0000000086a00000|100%| O|  |TAMS 0x0000000086a00000, 0x0000000086900000| Untracked 
|  18|0x0000000086a00000, 0x0000000086b00000, 0x0000000086b00000|100%| O|  |TAMS 0x0000000086b00000, 0x0000000086a00000| Untracked 
|  19|0x0000000086b00000, 0x0000000086c00000, 0x0000000086c00000|100%| O|  |TAMS 0x0000000086b00000, 0x0000000086b00000| Untracked 
|  20|0x0000000086c00000, 0x0000000086d00000, 0x0000000086d00000|100%| O|  |TAMS 0x0000000086c00000, 0x0000000086c00000| Untracked 
|  21|0x0000000086d00000, 0x0000000086e00000, 0x0000000086e00000|100%| O|  |TAMS 0x0000000086d00000, 0x0000000086d00000| Untracked 
|  22|0x0000000086e00000, 0x0000000086f00000, 0x0000000086f00000|100%| O|  |TAMS 0x0000000086e00000, 0x0000000086e00000| Untracked 
|  23|0x0000000086f00000, 0x0000000087000000, 0x0000000087000000|100%| O|  |TAMS 0x0000000086f00000, 0x0000000086f00000| Untracked 
|  24|0x0000000087000000, 0x0000000087044400, 0x0000000087100000| 26%| O|  |TAMS 0x0000000087000000, 0x0000000087000000| Untracked 
|  25|0x0000000087100000, 0x0000000087100000, 0x0000000087200000|  0%| F|  |TAMS 0x0000000087100000, 0x0000000087100000| Untracked 
|  26|0x0000000087200000, 0x0000000087200000, 0x0000000087300000|  0%| F|  |TAMS 0x0000000087200000, 0x0000000087200000| Untracked 
|  27|0x0000000087300000, 0x0000000087300000, 0x0000000087400000|  0%| F|  |TAMS 0x0000000087300000, 0x0000000087300000| Untracked 
|  28|0x0000000087400000, 0x0000000087400000, 0x0000000087500000|  0%| F|  |TAMS 0x0000000087400000, 0x0000000087400000| Untracked 
|  29|0x0000000087500000, 0x0000000087500000, 0x0000000087600000|  0%| F|  |TAMS 0x0000000087500000, 0x0000000087500000| Untracked 
|  30|0x0000000087600000, 0x0000000087600000, 0x0000000087700000|  0%| F|  |TAMS 0x0000000087600000, 0x0000000087600000| Untracked 
|  31|0x0000000087700000, 0x0000000087700000, 0x0000000087800000|  0%| F|  |TAMS 0x0000000087700000, 0x0000000087700000| Untracked 
|  32|0x0000000087800000, 0x0000000087800000, 0x0000000087900000|  0%| F|  |TAMS 0x0000000087800000, 0x0000000087800000| Untracked 
|  33|0x0000000087900000, 0x0000000087900000, 0x0000000087a00000|  0%| F|  |TAMS 0x0000000087900000, 0x0000000087900000| Untracked 
|  34|0x0000000087a00000, 0x0000000087a00000, 0x0000000087b00000|  0%| F|  |TAMS 0x0000000087a00000, 0x0000000087a00000| Untracked 
|  35|0x0000000087b00000, 0x0000000087b00000, 0x0000000087c00000|  0%| F|  |TAMS 0x0000000087b00000, 0x0000000087b00000| Untracked 
|  36|0x0000000087c00000, 0x0000000087c00000, 0x0000000087d00000|  0%| F|  |TAMS 0x0000000087c00000, 0x0000000087c00000| Untracked 
|  37|0x0000000087d00000, 0x0000000087d57078, 0x0000000087e00000| 33%| S|CS|TAMS 0x0000000087d00000, 0x0000000087d00000| Complete 
|  38|0x0000000087e00000, 0x0000000087f00000, 0x0000000087f00000|100%| S|CS|TAMS 0x0000000087e00000, 0x0000000087e00000| Complete 
|  39|0x0000000087f00000, 0x0000000087f00000, 0x0000000088000000|  0%| F|  |TAMS 0x0000000087f00000, 0x0000000087f00000| Untracked 
|  40|0x0000000088000000, 0x0000000088000000, 0x0000000088100000|  0%| F|  |TAMS 0x0000000088000000, 0x0000000088000000| Untracked 
|  41|0x0000000088100000, 0x0000000088100000, 0x0000000088200000|  0%| F|  |TAMS 0x0000000088100000, 0x0000000088100000| Untracked 
|  42|0x0000000088200000, 0x0000000088200000, 0x0000000088300000|  0%| F|  |TAMS 0x0000000088200000, 0x0000000088200000| Untracked 
|  43|0x0000000088300000, 0x0000000088400000, 0x0000000088400000|100%| S|CS|TAMS 0x0000000088300000, 0x0000000088300000| Complete 
|  44|0x0000000088400000, 0x0000000088400000, 0x0000000088500000|  0%| F|  |TAMS 0x0000000088400000, 0x0000000088400000| Untracked 
|  45|0x0000000088500000, 0x0000000088500000, 0x0000000088600000|  0%| F|  |TAMS 0x0000000088500000, 0x0000000088500000| Untracked 
|  46|0x0000000088600000, 0x0000000088600000, 0x0000000088700000|  0%| F|  |TAMS 0x0000000088600000, 0x0000000088600000| Untracked 
|  47|0x0000000088700000, 0x0000000088700000, 0x0000000088800000|  0%| F|  |TAMS 0x0000000088700000, 0x0000000088700000| Untracked 
|  48|0x0000000088800000, 0x0000000088800000, 0x0000000088900000|  0%| F|  |TAMS 0x0000000088800000, 0x0000000088800000| Untracked 
|  49|0x0000000088900000, 0x0000000088900000, 0x0000000088a00000|  0%| F|  |TAMS 0x0000000088900000, 0x0000000088900000| Untracked 
|  50|0x0000000088a00000, 0x0000000088a00000, 0x0000000088b00000|  0%| F|  |TAMS 0x0000000088a00000, 0x0000000088a00000| Untracked 
|  51|0x0000000088b00000, 0x0000000088b00000, 0x0000000088c00000|  0%| F|  |TAMS 0x0000000088b00000, 0x0000000088b00000| Untracked 
|  52|0x0000000088c00000, 0x0000000088c00000, 0x0000000088d00000|  0%| F|  |TAMS 0x0000000088c00000, 0x0000000088c00000| Untracked 
|  53|0x0000000088d00000, 0x0000000088d00000, 0x0000000088e00000|  0%| F|  |TAMS 0x0000000088d00000, 0x0000000088d00000| Untracked 
|  54|0x0000000088e00000, 0x0000000088e00000, 0x0000000088f00000|  0%| F|  |TAMS 0x0000000088e00000, 0x0000000088e00000| Untracked 
|  55|0x0000000088f00000, 0x0000000088f7bf68, 0x0000000089000000| 48%| E|  |TAMS 0x0000000088f00000, 0x0000000088f00000| Complete 
|  56|0x0000000089000000, 0x0000000089100000, 0x0000000089100000|100%| E|CS|TAMS 0x0000000089000000, 0x0000000089000000| Complete 
|  57|0x0000000089100000, 0x0000000089200000, 0x0000000089200000|100%| E|CS|TAMS 0x0000000089100000, 0x0000000089100000| Complete 
|  58|0x0000000089200000, 0x0000000089300000, 0x0000000089300000|100%| E|CS|TAMS 0x0000000089200000, 0x0000000089200000| Complete 
|  59|0x0000000089300000, 0x0000000089400000, 0x0000000089400000|100%| E|CS|TAMS 0x0000000089300000, 0x0000000089300000| Complete 
|  60|0x0000000089400000, 0x0000000089500000, 0x0000000089500000|100%| E|CS|TAMS 0x0000000089400000, 0x0000000089400000| Complete 
|  61|0x0000000089500000, 0x0000000089600000, 0x0000000089600000|100%| E|CS|TAMS 0x0000000089500000, 0x0000000089500000| Complete 
|  62|0x0000000089600000, 0x0000000089700000, 0x0000000089700000|100%| E|CS|TAMS 0x0000000089600000, 0x0000000089600000| Complete 
|  63|0x0000000089700000, 0x0000000089800000, 0x0000000089800000|100%| E|CS|TAMS 0x0000000089700000, 0x0000000089700000| Complete 
|  86|0x000000008ae00000, 0x000000008af00000, 0x000000008af00000|100%| E|CS|TAMS 0x000000008ae00000, 0x000000008ae00000| Complete 
|  87|0x000000008af00000, 0x000000008b000000, 0x000000008b000000|100%| E|  |TAMS 0x000000008af00000, 0x000000008af00000| Complete 
|  88|0x000000008b000000, 0x000000008b100000, 0x000000008b100000|100%| E|CS|TAMS 0x000000008b000000, 0x000000008b000000| Complete 
|  89|0x000000008b100000, 0x000000008b200000, 0x000000008b200000|100%| E|CS|TAMS 0x000000008b100000, 0x000000008b100000| Complete 
| 123|0x000000008d300000, 0x000000008d400000, 0x000000008d400000|100%| E|CS|TAMS 0x000000008d300000, 0x000000008d300000| Complete 

Card table byte_map: [0x00000191eca80000,0x00000191ece60000] _byte_map_base: 0x00000191ec654000

Marking Bits (Prev, Next): (CMBitMap*) 0x00000191d9f09af0, (CMBitMap*) 0x00000191d9f09b30
 Prev Bits: [0x00000191ed240000, 0x00000191ef0e0000)
 Next Bits: [0x00000191ef0e0000, 0x00000191f0f80000)

Polling page: 0x00000191d8020000

Metaspace:

Usage:
  Non-class:     40.89 MB used.
      Class:      5.68 MB used.
       Both:     46.57 MB used.

Virtual space:
  Non-class space:       48.00 MB reserved,      41.00 MB ( 85%) committed,  6 nodes.
      Class space:        1.00 GB reserved,       5.75 MB ( <1%) committed,  1 nodes.
             Both:        1.05 GB reserved,      46.75 MB (  4%) committed. 

Chunk freelists:
   Non-Class:  2.25 MB
       Class:  2.14 MB
        Both:  4.39 MB

MaxMetaspaceSize: unlimited
CompressedClassSpaceSize: 1.00 GB
Initial GC threshold: 21.00 MB
Current GC threshold: 53.69 MB
CDS: off
MetaspaceReclaimPolicy: balanced
 - commit_granule_bytes: 65536.
 - commit_granule_words: 8192.
 - virtual_space_node_default_size: 1048576.
 - enlarge_chunks_in_place: 1.
 - new_chunks_are_fully_committed: 0.
 - uncommit_free_chunks: 1.
 - use_allocation_guard: 0.
 - handle_deallocations: 1.


Internal statistics:

num_allocs_failed_limit: 3.
num_arena_births: 194.
num_arena_deaths: 0.
num_vsnodes_births: 7.
num_vsnodes_deaths: 0.
num_space_committed: 748.
num_space_uncommitted: 0.
num_chunks_returned_to_freelist: 3.
num_chunks_taken_from_freelist: 1519.
num_chunk_merges: 3.
num_chunk_splits: 1248.
num_chunks_enlarged: 1120.
num_purges: 0.
num_inconsistent_stats: 0.

CodeHeap 'non-profiled nmethods': size=120000Kb used=1333Kb max_used=1333Kb free=118666Kb
 bounds [0x00000191e4e40000, 0x00000191e50b0000, 0x00000191ec370000]
CodeHeap 'profiled nmethods': size=120000Kb used=5751Kb max_used=5751Kb free=114248Kb
 bounds [0x00000191dd370000, 0x00000191dd910000, 0x00000191e48a0000]
CodeHeap 'non-nmethods': size=5760Kb used=1290Kb max_used=1320Kb free=4469Kb
 bounds [0x00000191e48a0000, 0x00000191e4b10000, 0x00000191e4e40000]
 total_blobs=3626 nmethods=3030 adapters=508
 compilation: enabled
              stopped_count=0, restarted_count=0
 full_count=0

Compilation events (20 events):
Event: 2.905 Thread 0x00000191f4474700 3020       3       kotlin.internal.ProgressionUtilKt::getProgressionLastElement (61 bytes)
Event: 2.905 Thread 0x00000191f4474700 nmethod 3020 0x00000191dd905790 code [0x00000191dd9059a0, 0x00000191dd906248]
Event: 2.905 Thread 0x00000191f4474700 3021       3       kotlin.ranges.IntRange::<init> (8 bytes)
Event: 2.905 Thread 0x00000191f4474700 nmethod 3021 0x00000191dd906590 code [0x00000191dd906720, 0x00000191dd906868]
Event: 2.905 Thread 0x00000191f4474700 3022       3       kotlin.ranges.IntProgression::<init> (57 bytes)
Event: 2.905 Thread 0x00000191f4474700 nmethod 3022 0x00000191dd906910 code [0x00000191dd906ae0, 0x00000191dd906e88]
Event: 2.906 Thread 0x00000191f4474700 3023       3       gnu.trove.TObjectHash::equals (22 bytes)
Event: 2.906 Thread 0x00000191f4474700 nmethod 3023 0x00000191dd907010 code [0x00000191dd9071c0, 0x00000191dd907448]
Event: 2.906 Thread 0x00000191f4474700 3024       3       org.jetbrains.kotlin.com.intellij.openapi.vfs.VirtualFile::getNameWithoutExtension (21 bytes)
Event: 2.906 Thread 0x00000191f4474700 nmethod 3024 0x00000191dd907510 code [0x00000191dd9076e0, 0x00000191dd9079f8]
Event: 2.906 Thread 0x00000191f4474700 3025       3       org.jetbrains.kotlin.com.intellij.openapi.util.io.FileUtilRt::getNameWithoutExtension (49 bytes)
Event: 2.906 Thread 0x00000191f4474700 nmethod 3025 0x00000191dd907b10 code [0x00000191dd907d00, 0x00000191dd9080e8]
Event: 2.906 Thread 0x00000191f4474700 3027       3       org.jetbrains.kotlin.com.intellij.openapi.vfs.VirtualFile::findChild (62 bytes)
Event: 2.907 Thread 0x00000191f4474700 nmethod 3027 0x00000191dd908210 code [0x00000191dd908420, 0x00000191dd908ac8]
Event: 2.907 Thread 0x00000191f4474700 3026       1       org.jetbrains.kotlin.cli.jvm.index.JavaRoot::getType (5 bytes)
Event: 2.907 Thread 0x00000191f4474700 nmethod 3026 0x00000191e4f8bb90 code [0x00000191e4f8bd20, 0x00000191e4f8bdf8]
Event: 2.907 Thread 0x00000191f4474700 3028       1       org.jetbrains.kotlin.cli.jvm.index.JavaRoot::getFile (5 bytes)
Event: 2.907 Thread 0x00000191f4474700 nmethod 3028 0x00000191e4f8be90 code [0x00000191e4f8c020, 0x00000191e4f8c0f8]
Event: 2.907 Thread 0x00000191f4474700 3029       1       org.jetbrains.kotlin.load.java.lazy.JavaResolverComponents::getStorageManager (5 bytes)
Event: 2.907 Thread 0x00000191f4474700 nmethod 3029 0x00000191e4f8c190 code [0x00000191e4f8c320, 0x00000191e4f8c3f8]

GC Heap History (16 events):
Event: 0.511 GC heap before
{Heap before GC invocations=0 (full 0):
 garbage-first heap   total 126976K, used 27648K [0x0000000085800000, 0x0000000100000000)
  region size 1024K, 23 young (23552K), 0 survivors (0K)
 Metaspace       used 13307K, committed 13440K, reserved 1064960K
  class space    used 1280K, committed 1344K, reserved 1048576K
}
Event: 0.515 GC heap after
{Heap after GC invocations=1 (full 0):
 garbage-first heap   total 126976K, used 7168K [0x0000000085800000, 0x0000000100000000)
  region size 1024K, 3 young (3072K), 3 survivors (3072K)
 Metaspace       used 13307K, committed 13440K, reserved 1064960K
  class space    used 1280K, committed 1344K, reserved 1048576K
}
Event: 1.019 GC heap before
{Heap before GC invocations=1 (full 0):
 garbage-first heap   total 126976K, used 37888K [0x0000000085800000, 0x0000000100000000)
  region size 1024K, 34 young (34816K), 3 survivors (3072K)
 Metaspace       used 21303K, committed 21504K, reserved 1073152K
  class space    used 2324K, committed 2432K, reserved 1048576K
}
Event: 1.028 GC heap after
{Heap after GC invocations=2 (full 0):
 garbage-first heap   total 126976K, used 10335K [0x0000000085800000, 0x0000000100000000)
  region size 1024K, 4 young (4096K), 4 survivors (4096K)
 Metaspace       used 21303K, committed 21504K, reserved 1073152K
  class space    used 2324K, committed 2432K, reserved 1048576K
}
Event: 1.374 GC heap before
{Heap before GC invocations=3 (full 0):
 garbage-first heap   total 40960K, used 32863K [0x0000000085800000, 0x0000000100000000)
  region size 1024K, 23 young (23552K), 4 survivors (4096K)
 Metaspace       used 27068K, committed 27264K, reserved 1073152K
  class space    used 2974K, committed 3072K, reserved 1048576K
}
Event: 1.380 GC heap after
{Heap after GC invocations=4 (full 0):
 garbage-first heap   total 40960K, used 16334K [0x0000000085800000, 0x0000000100000000)
  region size 1024K, 2 young (2048K), 2 survivors (2048K)
 Metaspace       used 27068K, committed 27264K, reserved 1073152K
  class space    used 2974K, committed 3072K, reserved 1048576K
}
Event: 1.398 GC heap before
{Heap before GC invocations=4 (full 0):
 garbage-first heap   total 40960K, used 16334K [0x0000000085800000, 0x0000000100000000)
  region size 1024K, 3 young (3072K), 2 survivors (2048K)
 Metaspace       used 27457K, committed 27712K, reserved 1081344K
  class space    used 3015K, committed 3136K, reserved 1048576K
}
Event: 1.402 GC heap after
{Heap after GC invocations=5 (full 0):
 garbage-first heap   total 40960K, used 16817K [0x0000000085800000, 0x0000000100000000)
  region size 1024K, 1 young (1024K), 1 survivors (1024K)
 Metaspace       used 27457K, committed 27712K, reserved 1081344K
  class space    used 3015K, committed 3136K, reserved 1048576K
}
Event: 1.686 GC heap before
{Heap before GC invocations=5 (full 0):
 garbage-first heap   total 40960K, used 32177K [0x0000000085800000, 0x0000000100000000)
  region size 1024K, 15 young (15360K), 1 survivors (1024K)
 Metaspace       used 31059K, committed 31296K, reserved 1081344K
  class space    used 3774K, committed 3904K, reserved 1048576K
}
Event: 1.690 GC heap after
{Heap after GC invocations=6 (full 0):
 garbage-first heap   total 40960K, used 20975K [0x0000000085800000, 0x0000000100000000)
  region size 1024K, 2 young (2048K), 2 survivors (2048K)
 Metaspace       used 31059K, committed 31296K, reserved 1081344K
  class space    used 3774K, committed 3904K, reserved 1048576K
}
Event: 1.824 GC heap before
{Heap before GC invocations=6 (full 0):
 garbage-first heap   total 40960K, used 32239K [0x0000000085800000, 0x0000000100000000)
  region size 1024K, 13 young (13312K), 2 survivors (2048K)
 Metaspace       used 32586K, committed 32832K, reserved 1081344K
  class space    used 4155K, committed 4288K, reserved 1048576K
}
Event: 1.831 GC heap after
{Heap after GC invocations=7 (full 0):
 garbage-first heap   total 70656K, used 23343K [0x0000000085800000, 0x0000000100000000)
  region size 1024K, 2 young (2048K), 2 survivors (2048K)
 Metaspace       used 32586K, committed 32832K, reserved 1081344K
  class space    used 4155K, committed 4288K, reserved 1048576K
}
Event: 2.244 GC heap before
{Heap before GC invocations=8 (full 0):
 garbage-first heap   total 70656K, used 49967K [0x0000000085800000, 0x0000000100000000)
  region size 1024K, 28 young (28672K), 2 survivors (2048K)
 Metaspace       used 38295K, committed 38528K, reserved 1089536K
  class space    used 4815K, committed 4928K, reserved 1048576K
}
Event: 2.253 GC heap after
{Heap after GC invocations=9 (full 0):
 garbage-first heap   total 70656K, used 24740K [0x0000000085800000, 0x0000000100000000)
  region size 1024K, 4 young (4096K), 4 survivors (4096K)
 Metaspace       used 38295K, committed 38528K, reserved 1089536K
  class space    used 4815K, committed 4928K, reserved 1048576K
}
Event: 2.610 GC heap before
{Heap before GC invocations=9 (full 0):
 garbage-first heap   total 70656K, used 49316K [0x0000000085800000, 0x0000000100000000)
  region size 1024K, 29 young (29696K), 4 survivors (4096K)
 Metaspace       used 43614K, committed 43776K, reserved 1089536K
  class space    used 5305K, committed 5376K, reserved 1048576K
}
Event: 2.618 GC heap after
{Heap after GC invocations=10 (full 0):
 garbage-first heap   total 70656K, used 27245K [0x0000000085800000, 0x0000000100000000)
  region size 1024K, 3 young (3072K), 3 survivors (3072K)
 Metaspace       used 43614K, committed 43776K, reserved 1089536K
  class space    used 5305K, committed 5376K, reserved 1048576K
}

Dll operation events (2 events):
Event: 0.010 Loaded shared library C:\Program Files\Android\Android Studio\jbr\bin\java.dll
Event: 0.879 Loaded shared library C:\Program Files\Android\Android Studio\jbr\bin\verify.dll

Deoptimization events (20 events):
Event: 2.582 Thread 0x00000191d9eae630 Uncommon trap: trap_request=0xffffff45 fr.pc=0x00000191e4efe330 relative=0x0000000000000210
Event: 2.582 Thread 0x00000191d9eae630 Uncommon trap: reason=unstable_if action=reinterpret pc=0x00000191e4efe330 method=java.lang.String.startsWith(Ljava/lang/String;I)Z @ 50 c2
Event: 2.582 Thread 0x00000191d9eae630 DEOPT PACKING pc=0x00000191e4efe330 sp=0x000000231cbf56c0
Event: 2.582 Thread 0x00000191d9eae630 DEOPT UNPACKING pc=0x00000191e48fa1a3 sp=0x000000231cbf5620 mode 2
Event: 2.582 Thread 0x00000191d9eae630 Uncommon trap: trap_request=0xffffff45 fr.pc=0x00000191e4f5819c relative=0x00000000000006dc
Event: 2.582 Thread 0x00000191d9eae630 Uncommon trap: reason=unstable_if action=reinterpret pc=0x00000191e4f5819c method=java.lang.String.lastIndexOf(II)I @ 4 c2
Event: 2.582 Thread 0x00000191d9eae630 DEOPT PACKING pc=0x00000191e4f5819c sp=0x000000231cbf5700
Event: 2.582 Thread 0x00000191d9eae630 DEOPT UNPACKING pc=0x00000191e48fa1a3 sp=0x000000231cbf55f0 mode 2
Event: 2.795 Thread 0x00000191d9eae630 Uncommon trap: trap_request=0xffffff45 fr.pc=0x00000191e4f59ac8 relative=0x0000000000000128
Event: 2.795 Thread 0x00000191d9eae630 Uncommon trap: reason=unstable_if action=reinterpret pc=0x00000191e4f59ac8 method=java.util.Arrays.hashCode([Ljava/lang/Object;)I @ 34 c2
Event: 2.795 Thread 0x00000191d9eae630 DEOPT PACKING pc=0x00000191e4f59ac8 sp=0x000000231cbfb490
Event: 2.795 Thread 0x00000191d9eae630 DEOPT UNPACKING pc=0x00000191e48fa1a3 sp=0x000000231cbfb410 mode 2
Event: 2.882 Thread 0x00000191d9eae630 Uncommon trap: trap_request=0xffffffc6 fr.pc=0x00000191e4f48c38 relative=0x0000000000000098
Event: 2.882 Thread 0x00000191d9eae630 Uncommon trap: reason=bimorphic_or_optimized_type_check action=maybe_recompile pc=0x00000191e4f48c38 method=java.util.AbstractList$Itr.hasNext()Z @ 8 c2
Event: 2.882 Thread 0x00000191d9eae630 DEOPT PACKING pc=0x00000191e4f48c38 sp=0x000000231cbfcbd0
Event: 2.882 Thread 0x00000191d9eae630 DEOPT UNPACKING pc=0x00000191e48fa1a3 sp=0x000000231cbfcb68 mode 2
Event: 2.882 Thread 0x00000191d9eae630 Uncommon trap: trap_request=0xffffffc6 fr.pc=0x00000191e4f48c38 relative=0x0000000000000098
Event: 2.882 Thread 0x00000191d9eae630 Uncommon trap: reason=bimorphic_or_optimized_type_check action=maybe_recompile pc=0x00000191e4f48c38 method=java.util.AbstractList$Itr.hasNext()Z @ 8 c2
Event: 2.882 Thread 0x00000191d9eae630 DEOPT PACKING pc=0x00000191e4f48c38 sp=0x000000231cbfcbd0
Event: 2.882 Thread 0x00000191d9eae630 DEOPT UNPACKING pc=0x00000191e48fa1a3 sp=0x000000231cbfcb68 mode 2

Classes unloaded (0 events):
No events

Classes redefined (0 events):
No events

Internal exceptions (20 events):
Event: 0.882 Thread 0x00000191d9eae630 Exception <a 'java/lang/NoSuchMethodError'{0x000000008bffa910}: 'java.lang.Object java.lang.invoke.DirectMethodHandle$Holder.invokeStaticInit(java.lang.Object)'> (0x000000008bffa910) 
thrown [s\src\hotspot\share\interpreter\linkResolver.cpp, line 771]
Event: 0.979 Thread 0x00000191d9eae630 Exception <a 'java/lang/NoSuchMethodError'{0x000000008b5dcb38}: 'java.lang.Object java.lang.invoke.DirectMethodHandle$Holder.invokeStaticInit(java.lang.Object, int)'> (0x000000008b5dcb38) 
thrown [s\src\hotspot\share\interpreter\linkResolver.cpp, line 771]
Event: 0.985 Thread 0x00000191d9eae630 Exception <a 'java/lang/NoSuchMethodError'{0x000000008b466320}: 'void java.lang.invoke.DirectMethodHandle$Holder.invokeStatic(java.lang.Object, java.lang.Object)'> (0x000000008b466320) 
thrown [s\src\hotspot\share\interpreter\linkResolver.cpp, line 771]
Event: 1.002 Thread 0x00000191d9eae630 Exception <a 'java/lang/NoSuchMethodError'{0x000000008b3a6098}: 'long java.lang.invoke.DirectMethodHandle$Holder.invokeStatic(java.lang.Object)'> (0x000000008b3a6098) 
thrown [s\src\hotspot\share\interpreter\linkResolver.cpp, line 771]
Event: 1.002 Thread 0x00000191d9eae630 Exception <a 'java/lang/NoSuchMethodError'{0x000000008b3a97f0}: 'long java.lang.invoke.DirectMethodHandle$Holder.invokeStaticInit(java.lang.Object)'> (0x000000008b3a97f0) 
thrown [s\src\hotspot\share\interpreter\linkResolver.cpp, line 771]
Event: 1.069 Thread 0x00000191d9eae630 Exception <a 'java/lang/NoSuchMethodError'{0x0000000087810ff8}: 'int java.lang.invoke.DirectMethodHandle$Holder.invokeStaticInit(java.lang.Object, java.lang.Object, java.lang.Object)'> (0x0000000087810ff8) 
thrown [s\src\hotspot\share\interpreter\linkResolver.cpp, line 771]
Event: 1.073 Thread 0x00000191d9eae630 Exception <a 'java/lang/NoSuchMethodError'{0x0000000087839720}: 'int java.lang.invoke.DirectMethodHandle$Holder.invokeStaticInit(java.lang.Object, java.lang.Object)'> (0x0000000087839720) 
thrown [s\src\hotspot\share\interpreter\linkResolver.cpp, line 771]
Event: 1.087 Thread 0x00000191d9eae630 Exception <a 'java/lang/NoSuchMethodError'{0x0000000087714ca0}: 'void java.lang.invoke.DirectMethodHandle$Holder.invokeSpecial(java.lang.Object, java.lang.Object, java.lang.Object)'> (0x0000000087714ca0) 
thrown [s\src\hotspot\share\interpreter\linkResolver.cpp, line 771]
Event: 1.321 Thread 0x00000191d9eae630 Exception <a 'java/lang/NoSuchMethodError'{0x0000000086ce6598}: 'void java.lang.invoke.DirectMethodHandle$Holder.invokeStatic(java.lang.Object, java.lang.Object, java.lang.Object, java.lang.Object)'> (0x0000000086ce6598) 
thrown [s\src\hotspot\share\interpreter\linkResolver.cpp, line 771]
Event: 1.390 Thread 0x00000191d9eae630 Exception <a 'java/lang/NoSuchMethodError'{0x000000008d397428}: 'void java.lang.invoke.DirectMethodHandle$Holder.invokeStaticInit(java.lang.Object, java.lang.Object)'> (0x000000008d397428) 
thrown [s\src\hotspot\share\interpreter\linkResolver.cpp, line 771]
Event: 1.459 Thread 0x00000191d9eae630 Exception <a 'java/lang/NoSuchMethodError'{0x000000008aece9c8}: 'void java.lang.invoke.DirectMethodHandle$Holder.invokeVirtual(java.lang.Object, java.lang.Object)'> (0x000000008aece9c8) 
thrown [s\src\hotspot\share\interpreter\linkResolver.cpp, line 771]
Event: 1.467 Thread 0x00000191d9eae630 Exception <a 'java/lang/NoSuchMethodError'{0x0000000087a6a690}: 'int java.lang.invoke.DirectMethodHandle$Holder.invokeVirtual(java.lang.Object, java.lang.Object)'> (0x0000000087a6a690) 
thrown [s\src\hotspot\share\interpreter\linkResolver.cpp, line 771]
Event: 1.483 Thread 0x00000191d9eae630 Exception <a 'java/lang/NoSuchMethodError'{0x0000000087910a90}: 'java.lang.Object java.lang.invoke.Invokers$Holder.invokeExact_MT(java.lang.Object, java.lang.Object, java.lang.Object, java.lang.Object, java.lang.Object, java.lang.Object)'> (0x0000000087910a90) 
thrown [s\src\hotspot\share\interpreter\linkResolver.cpp, line 771]
Event: 2.073 Thread 0x00000191d9eae630 Exception <a 'java/lang/NoSuchMethodError'{0x0000000088fbfc70}: 'java.lang.Object java.lang.invoke.DirectMethodHandle$Holder.invokeVirtual(java.lang.Object, java.lang.Object, java.lang.Object)'> (0x0000000088fbfc70) 
thrown [s\src\hotspot\share\interpreter\linkResolver.cpp, line 771]
Event: 2.740 Thread 0x00000191d9eae630 Exception <a 'java/lang/NoSuchMethodError'{0x000000008ae76740}: 'java.lang.Object java.lang.invoke.DirectMethodHandle$Holder.newInvokeSpecial(java.lang.Object, java.lang.Object, java.lang.Object, int)'> (0x000000008ae76740) 
thrown [s\src\hotspot\share\interpreter\linkResolver.cpp, line 771]
Event: 2.741 Thread 0x00000191d9eae630 Exception <a 'java/lang/NoSuchMethodError'{0x000000008ae7adc8}: 'java.lang.Object java.lang.invoke.DirectMethodHandle$Holder.invokeSpecial(java.lang.Object, java.lang.Object, java.lang.Object, java.lang.Object, int)'> (0x000000008ae7adc8) 
thrown [s\src\hotspot\share\interpreter\linkResolver.cpp, line 771]
Event: 2.741 Thread 0x00000191d9eae630 Exception <a 'java/lang/NoSuchMethodError'{0x000000008ae7ec38}: 'java.lang.Object java.lang.invoke.Invokers$Holder.linkToTargetMethod(java.lang.Object, java.lang.Object, int, java.lang.Object)'> (0x000000008ae7ec38) 
thrown [s\src\hotspot\share\interpreter\linkResolver.cpp, line 771]
Event: 2.795 Thread 0x00000191d9eae630 Implicit null exception at 0x00000191e4f599e5 to 0x00000191e4f59aac
Event: 2.911 Thread 0x00000191d9eae630 Exception <a 'java/lang/NoSuchMethodError'{0x0000000089062840}: 'java.lang.Object java.lang.invoke.DirectMethodHandle$Holder.invokeInterface(java.lang.Object, java.lang.Object)'> (0x0000000089062840) 
thrown [s\src\hotspot\share\interpreter\linkResolver.cpp, line 771]
Event: 2.913 Thread 0x00000191d9eae630 Exception <a 'java/lang/NoSuchMethodError'{0x0000000089071658}: 'java.lang.Object java.lang.invoke.DirectMethodHandle$Holder.newInvokeSpecial(java.lang.Object, java.lang.Object, int)'> (0x0000000089071658) 
thrown [s\src\hotspot\share\interpreter\linkResolver.cpp, line 771]

VM Operations (20 events):
Event: 1.373 Executing VM operation: G1CollectForAllocation
Event: 1.381 Executing VM operation: G1CollectForAllocation done
Event: 1.398 Executing VM operation: G1CollectForAllocation
Event: 1.402 Executing VM operation: G1CollectForAllocation done
Event: 1.685 Executing VM operation: G1CollectForAllocation
Event: 1.690 Executing VM operation: G1CollectForAllocation done
Event: 1.824 Executing VM operation: G1CollectForAllocation
Event: 1.831 Executing VM operation: G1CollectForAllocation done
Event: 1.840 Executing VM operation: G1Concurrent
Event: 1.842 Executing VM operation: G1Concurrent done
Event: 1.846 Executing VM operation: G1Concurrent
Event: 1.846 Executing VM operation: G1Concurrent done
Event: 2.244 Executing VM operation: G1CollectForAllocation
Event: 2.253 Executing VM operation: G1CollectForAllocation done
Event: 2.609 Executing VM operation: G1CollectForAllocation
Event: 2.619 Executing VM operation: G1CollectForAllocation done
Event: 2.719 Executing VM operation: HandshakeAllThreads
Event: 2.719 Executing VM operation: HandshakeAllThreads done
Event: 2.794 Executing VM operation: HandshakeAllThreads
Event: 2.794 Executing VM operation: HandshakeAllThreads done

Events (20 events):
Event: 2.622 loading class java/util/EmptyStackException
Event: 2.622 loading class java/util/EmptyStackException done
Event: 2.630 loading class java/util/BitSet
Event: 2.631 loading class java/util/BitSet done
Event: 2.632 loading class java/util/PrimitiveIterator$OfInt
Event: 2.632 loading class java/util/PrimitiveIterator
Event: 2.632 loading class java/util/PrimitiveIterator done
Event: 2.632 loading class java/util/PrimitiveIterator$OfInt done
Event: 2.653 loading class java/util/AbstractMap$SimpleImmutableEntry
Event: 2.653 loading class java/util/AbstractMap$SimpleImmutableEntry done
Event: 2.719 loading class java/util/ArrayList$ListItr
Event: 2.719 loading class java/util/ArrayList$ListItr done
Event: 2.794 loading class java/util/AbstractList$SubList$1
Event: 2.794 loading class java/util/AbstractList$SubList$1 done
Event: 2.794 loading class java/util/AbstractList$ListItr
Event: 2.794 loading class java/util/AbstractList$ListItr done
Event: 2.845 loading class java/text/StringCharacterIterator
Event: 2.845 loading class java/text/CharacterIterator
Event: 2.845 loading class java/text/CharacterIterator done
Event: 2.845 loading class java/text/StringCharacterIterator done


Dynamic libraries:
0x00007ff660300000 - 0x00007ff66030a000 	C:\Program Files\Android\Android Studio\jbr\bin\java.exe
0x00007ff9c80b0000 - 0x00007ff9c82c6000 	C:\windows\SYSTEM32\ntdll.dll
0x00007ff9c6ce0000 - 0x00007ff9c6da4000 	C:\windows\System32\KERNEL32.DLL
0x00007ff9c55e0000 - 0x00007ff9c5987000 	C:\windows\System32\KERNELBASE.dll
0x00007ff9c5990000 - 0x00007ff9c5aa1000 	C:\windows\System32\ucrtbase.dll
0x00007ff924330000 - 0x00007ff924347000 	C:\Program Files\Android\Android Studio\jbr\bin\jli.dll
0x00007ff9229e0000 - 0x00007ff9229fb000 	C:\Program Files\Android\Android Studio\jbr\bin\VCRUNTIME140.dll
0x00007ff9c7a70000 - 0x00007ff9c7c1e000 	C:\windows\System32\USER32.dll
0x00007ff9c55b0000 - 0x00007ff9c55d6000 	C:\windows\System32\win32u.dll
0x00007ff9a8630000 - 0x00007ff9a88c3000 	C:\windows\WinSxS\amd64_microsoft.windows.common-controls_6595b64144ccf1df_6.0.22621.3235_none_270f74e173860f98\COMCTL32.dll
0x00007ff9c8040000 - 0x00007ff9c8069000 	C:\windows\System32\GDI32.dll
0x00007ff9c5c50000 - 0x00007ff9c5d69000 	C:\windows\System32\gdi32full.dll
0x00007ff9c53d0000 - 0x00007ff9c546a000 	C:\windows\System32\msvcp_win.dll
0x00007ff9c6410000 - 0x00007ff9c64b7000 	C:\windows\System32\msvcrt.dll
0x00007ff9c6800000 - 0x00007ff9c6831000 	C:\windows\System32\IMM32.DLL
0x00007ff93b260000 - 0x00007ff93b26c000 	C:\Program Files\Android\Android Studio\jbr\bin\vcruntime140_1.dll
0x00007ff90f790000 - 0x00007ff90f81d000 	C:\Program Files\Android\Android Studio\jbr\bin\msvcp140.dll
0x00007ff9060b0000 - 0x00007ff906d1d000 	C:\Program Files\Android\Android Studio\jbr\bin\server\jvm.dll
0x00007ff9c6ea0000 - 0x00007ff9c6f52000 	C:\windows\System32\ADVAPI32.dll
0x00007ff9c64c0000 - 0x00007ff9c6568000 	C:\windows\System32\sechost.dll
0x00007ff9c5ab0000 - 0x00007ff9c5ad8000 	C:\windows\System32\bcrypt.dll
0x00007ff9c7950000 - 0x00007ff9c7a65000 	C:\windows\System32\RPCRT4.dll
0x00007ff9bca40000 - 0x00007ff9bca74000 	C:\windows\SYSTEM32\WINMM.dll
0x00007ff99b480000 - 0x00007ff99b489000 	C:\windows\SYSTEM32\WSOCK32.dll
0x00007ff9ba490000 - 0x00007ff9ba49a000 	C:\windows\SYSTEM32\VERSION.dll
0x00007ff9c61e0000 - 0x00007ff9c6251000 	C:\windows\System32\WS2_32.dll
0x00007ff9c43e0000 - 0x00007ff9c43f8000 	C:\windows\SYSTEM32\kernel.appcore.dll
0x00007ff99e6b0000 - 0x00007ff99e6ba000 	C:\Program Files\Android\Android Studio\jbr\bin\jimage.dll
0x00007ff9c2be0000 - 0x00007ff9c2e13000 	C:\windows\SYSTEM32\DBGHELP.DLL
0x00007ff9c7cb0000 - 0x00007ff9c8038000 	C:\windows\System32\combase.dll
0x00007ff9c77c0000 - 0x00007ff9c7897000 	C:\windows\System32\OLEAUT32.dll
0x00007ff99df40000 - 0x00007ff99df72000 	C:\windows\SYSTEM32\dbgcore.DLL
0x00007ff9c5470000 - 0x00007ff9c54e9000 	C:\windows\System32\bcryptPrimitives.dll
0x00007ff99dfb0000 - 0x00007ff99dfd5000 	C:\Program Files\Android\Android Studio\jbr\bin\java.dll
0x00007ff98edd0000 - 0x00007ff98ede8000 	C:\Program Files\Android\Android Studio\jbr\bin\zip.dll
0x00007ff9c6f60000 - 0x00007ff9c77bc000 	C:\windows\System32\SHELL32.dll
0x00007ff9c32e0000 - 0x00007ff9c3bd9000 	C:\windows\SYSTEM32\windows.storage.dll
0x00007ff9c31a0000 - 0x00007ff9c32de000 	C:\windows\SYSTEM32\wintypes.dll
0x00007ff9c65f0000 - 0x00007ff9c66e3000 	C:\windows\System32\SHCORE.dll
0x00007ff9c5e00000 - 0x00007ff9c5e5e000 	C:\windows\System32\shlwapi.dll
0x00007ff9c5300000 - 0x00007ff9c5321000 	C:\windows\SYSTEM32\profapi.dll
0x00007ff98ea70000 - 0x00007ff98ea89000 	C:\Program Files\Android\Android Studio\jbr\bin\net.dll
0x00007ff9bfa00000 - 0x00007ff9bfb36000 	C:\windows\SYSTEM32\WINHTTP.dll
0x00007ff9c48d0000 - 0x00007ff9c4939000 	C:\windows\system32\mswsock.dll
0x00007ff98e9a0000 - 0x00007ff98e9b6000 	C:\Program Files\Android\Android Studio\jbr\bin\nio.dll
0x00007ff99df80000 - 0x00007ff99df90000 	C:\Program Files\Android\Android Studio\jbr\bin\verify.dll

dbghelp: loaded successfully - version: 4.0.5 - missing functions: none
symbol engine: initialized successfully - sym options: 0x614 - pdb path: .;C:\Program Files\Android\Android Studio\jbr\bin;C:\windows\SYSTEM32;C:\windows\WinSxS\amd64_microsoft.windows.common-controls_6595b64144ccf1df_6.0.22621.3235_none_270f74e173860f98;C:\Program Files\Android\Android Studio\jbr\bin\server

VM Arguments:
java_command: org.jetbrains.kotlin.cli.jvm.K2JVMCompiler @D:\works\school\ICT -L2\2e semestre\ICT 218\kotlin projects\teleco\app\build\20240505_11384508566690816384.compiler.options
java_class_path (initial): C:\Users\NIJROY\.gradle\caches\modules-2\files-2.1\org.jetbrains.kotlin\kotlin-compiler-embeddable\1.8.20\78d9baa57f65babf9e0a93e51f62f26f5f35ac3e\kotlin-compiler-embeddable-1.8.20.jar;C:\Users\NIJROY\.gradle\caches\modules-2\files-2.1\org.jetbrains.kotlin\kotlin-stdlib\1.8.20\e72fc5e03ec6c064c678a6bd0d955c88d55b0c4a\kotlin-stdlib-1.8.20.jar;C:\Users\NIJROY\.gradle\caches\modules-2\files-2.1\org.jetbrains.kotlin\kotlin-script-runtime\1.8.20\c850771e723701f9d63dbcf641429c0f29290074\kotlin-script-runtime-1.8.20.jar;C:\Users\NIJROY\.gradle\caches\modules-2\files-2.1\org.jetbrains.kotlin\kotlin-reflect\1.6.10\1cbe9c92c12a94eea200d23c2bbaedaf3daf5132\kotlin-reflect-1.6.10.jar;C:\Users\NIJROY\.gradle\caches\modules-2\files-2.1\org.jetbrains.kotlin\kotlin-daemon-embeddable\1.8.20\c1b808fbe5fee60bd0504a54778120ef40f383d4\kotlin-daemon-embeddable-1.8.20.jar;C:\Users\NIJROY\.gradle\caches\modules-2\files-2.1\org.jetbrains.intellij.deps\trove4j\1.0.20200330\3afb14d5f9ceb459d724e907a21145e8ff394f02\trove4j-1.0.20200330.jar;C:\Users\NIJROY\.gradle\caches\modules-2\files-2.1\net.java.dev.jna\jna\5.6.0\330f2244e9030119ab3030fc3fededc86713d9cc\jna-5.6.0.jar;C:\Users\NIJROY\.gradle\caches\modules-2\files-2.1\org.jetbrains.kotlin\kotlin-stdlib-common\1.8.20\5eddaaf234c8c49d03eebeb6a14feb7f90faca71\kotlin-stdlib-common-1.8.20.jar;C:\Users\NIJROY\.gradle\caches\modules-2\files-2.1\org.jetbrains\annotations\13.0\919f0dfe192fb4e063e7dacadee7f8bb9a2672a9\annotations-13.0.jar
Launcher Type: SUN_STANDARD

[Global flags]
     intx CICompilerCount                          = 4                                         {product} {ergonomic}
     uint ConcGCThreads                            = 2                                         {product} {ergonomic}
     uint G1ConcRefinementThreads                  = 8                                         {product} {ergonomic}
   size_t G1HeapRegionSize                         = 1048576                                   {product} {ergonomic}
    uintx GCDrainStackTargetSize                   = 64                                        {product} {ergonomic}
   size_t InitialHeapSize                          = 130023424                                 {product} {ergonomic}
   size_t MarkStackSize                            = 4194304                                   {product} {ergonomic}
   size_t MaxHeapSize                              = 2055208960                                {product} {ergonomic}
   size_t MaxNewSize                               = 1233125376                                {product} {ergonomic}
   size_t MinHeapDeltaBytes                        = 1048576                                   {product} {ergonomic}
   size_t MinHeapSize                              = 8388608                                   {product} {ergonomic}
    uintx NonNMethodCodeHeapSize                   = 5839372                                {pd product} {ergonomic}
    uintx NonProfiledCodeHeapSize                  = 122909434                              {pd product} {ergonomic}
    uintx ProfiledCodeHeapSize                     = 122909434                              {pd product} {ergonomic}
    uintx ReservedCodeCacheSize                    = 251658240                              {pd product} {ergonomic}
     bool SegmentedCodeCache                       = true                                      {product} {ergonomic}
   size_t SoftMaxHeapSize                          = 2055208960                             {manageable} {ergonomic}
     bool UseCompressedClassPointers               = true                           {product lp64_product} {ergonomic}
     bool UseCompressedOops                        = true                           {product lp64_product} {ergonomic}
     bool UseG1GC                                  = true                                      {product} {ergonomic}
     bool UseLargePagesIndividualAllocation        = false                                  {pd product} {ergonomic}

Logging:
Log output configuration:
 #0: stdout all=warning uptime,level,tags
 #1: stderr all=off uptime,level,tags

Environment Variables:
PATH=C:\Program Files\Java\jdk-17\bin;C:\Program Files\Java\jdk-11\bin;C:\Program Files\Java\jdk-21\bin;C:\Program Files\Common Files\Oracle\Java\javapath;C:\windows\system32;C:\windows;C:\windows\System32\Wbem;C:\windows\System32\WindowsPowerShell\v1.0\;C:\windows\System32\OpenSSH\;C:\Program Files (x86)\Smart Projects\IsoBuster;C:\Program Files\Microsoft SQL Server\150\Tools\Binn\;C:\Program Files\Git\cmd;C:\Program Files\Microsoft SQL Server\Client SDK\ODBC\170\Tools\Binn\;C:\Program Files\dotnet\;C:\Program Files\Azure Data Studio\bin;C:\Program Files (x86)\Microsoft SQL Server\160\Tools\Binn\;C:\Program Files\Microsoft SQL Server\160\Tools\Binn\;C:\Program Files\Microsoft SQL Server\160\DTS\Binn\;C:\Users\NIJROY\AppData\Roaming\nvm;C:\Program Files\nodejs;D:\program files for fl studio\PostgreSQL\16\bin;C:\Users\NIJROY\AppData\Local\Microsoft\WindowsApps;C:\flutter\bin;C:\Users\NIJROY\AppData\Local\Pub\Cache\bin;C:\Users\NIJROY\AppData\Local\Programs\Microsoft VS Code\bin;C:\Users\NIJROY\.dotnet\tools;C:\Program Files\Azure Data Studio\bin;C:\Program Files\JetBrains\IntelliJ IDEA Community Edition 2023.3.2\bin;;C:\Users\NIJROY\AppData\Roaming\nvm;C:\Program Files\nodejs;C:\Users\NIJROY\AppData\Local\Android\Sdk\platform-tools;
USERNAME=NIJROY
OS=Windows_NT
PROCESSOR_IDENTIFIER=Intel64 Family 6 Model 140 Stepping 1, GenuineIntel
TMP=C:\Users\NIJROY\AppData\Local\Temp
TEMP=C:\Users\NIJROY\AppData\Local\Temp



---------------  S Y S T E M  ---------------

OS:
 Windows 11 , 64 bit Build 22621 (10.0.22621.3374)
OS uptime: 0 days 4:46 hours
Hyper-V role detected

CPU: total 8 (initial active 8) (4 cores per cpu, 2 threads per core) family 6 model 140 stepping 1 microcode 0xb4, cx8, cmov, fxsr, ht, mmx, 3dnowpref, sse, sse2, sse3, ssse3, sse4.1, sse4.2, popcnt, lzcnt, tsc, tscinvbit, avx, avx2, aes, erms, clmul, bmi1, bmi2, adx, avx512f, avx512dq, avx512cd, avx512bw, avx512vl, sha, fma, vzeroupper, avx512_vpopcntdq, avx512_vpclmulqdq, avx512_vaes, avx512_vnni, clflush, clflushopt, clwb, avx512_vbmi2, avx512_vbmi, hv

Memory: 4k page, system-wide physical 7834M (812M free)
TotalPageFile size 16520M (AvailPageFile size 5M)
current process WorkingSet (physical memory assigned to process): 235M, peak: 236M
current process commit charge ("private bytes"): 277M, peak: 278M

vm_info: OpenJDK 64-Bit Server VM (17.0.6+0-b2043.56-9586694) for windows-amd64 JRE (17.0.6+0-b2043.56-9586694), built on Feb  9 2023 20:06:20 by "androidbuild" with MS VC++ 16.10 / 16.11 (VS2019)

END.
